2018-07-04 17:24:56,540 [http-bio-8081-exec-1] [org.mybatis.spring.SqlSessionUtils]-[DEBUG] Fetched SqlSession [org.apache.ibatis.session.defaults.DefaultSqlSession@3acc57b] from current transaction
2018-07-04 17:24:56,540 [http-bio-8081-exec-1] [com.hongyuli.mapper.TbItemCatMapper.selectByExample]-[DEBUG] ==>  Preparing: select id, parent_id, name, status, sort_order, is_parent, created, updated from tb_item_cat WHERE ( parent_id = ? ) 
2018-07-04 17:24:56,540 [http-bio-8081-exec-1] [com.hongyuli.mapper.TbItemCatMapper.selectByExample]-[DEBUG] ==> Parameters: 70(Long)
2018-07-04 17:24:56,549 [http-bio-8081-exec-1] [com.hongyuli.mapper.TbItemCatMapper.selectByExample]-[DEBUG] <==      Total: 3
2018-07-04 17:24:56,549 [http-bio-8081-exec-1] [org.mybatis.spring.SqlSessionUtils]-[DEBUG] Releasing transactional SqlSession [org.apache.ibatis.session.defaults.DefaultSqlSession@3acc57b]
2018-07-04 17:24:56,549 [http-bio-8081-exec-1] [org.mybatis.spring.SqlSessionUtils]-[DEBUG] Fetched SqlSession [org.apache.ibatis.session.defaults.DefaultSqlSession@3acc57b] from current transaction
2018-07-04 17:24:56,551 [http-bio-8081-exec-1] [com.hongyuli.mapper.TbItemCatMapper.selectByExample]-[DEBUG] ==>  Preparing: select id, parent_id, name, status, sort_order, is_parent, created, updated from tb_item_cat WHERE ( parent_id = ? ) 
2018-07-04 17:24:56,551 [http-bio-8081-exec-1] [com.hongyuli.mapper.TbItemCatMapper.selectByExample]-[DEBUG] ==> Parameters: 74(Long)
2018-07-04 17:24:56,561 [http-bio-8081-exec-1] [com.hongyuli.mapper.TbItemCatMapper.selectByExample]-[DEBUG] <==      Total: 5
2018-07-04 17:24:56,561 [http-bio-8081-exec-1] [org.mybatis.spring.SqlSessionUtils]-[DEBUG] Releasing transactional SqlSession [org.apache.ibatis.session.defaults.DefaultSqlSession@3acc57b]
2018-07-04 17:24:56,561 [http-bio-8081-exec-1] [org.mybatis.spring.SqlSessionUtils]-[DEBUG] Fetched SqlSession [org.apache.ibatis.session.defaults.DefaultSqlSession@3acc57b] from current transaction
2018-07-04 17:24:56,561 [http-bio-8081-exec-1] [com.hongyuli.mapper.TbItemCatMapper.selectByExample]-[DEBUG] ==>  Preparing: select id, parent_id, name, status, sort_order, is_parent, created, updated from tb_item_cat WHERE ( parent_id = ? ) 
2018-07-04 17:24:56,561 [http-bio-8081-exec-1] [com.hongyuli.mapper.TbItemCatMapper.selectByExample]-[DEBUG] ==> Parameters: 75(Long)
2018-07-04 17:24:56,569 [http-bio-8081-exec-1] [com.hongyuli.mapper.TbItemCatMapper.selectByExample]-[DEBUG] <==      Total: 13
2018-07-04 17:24:56,569 [http-bio-8081-exec-1] [org.mybatis.spring.SqlSessionUtils]-[DEBUG] Releasing transactional SqlSession [org.apache.ibatis.session.defaults.DefaultSqlSession@3acc57b]
2018-07-04 17:24:56,569 [http-bio-8081-exec-1] [org.mybatis.spring.SqlSessionUtils]-[DEBUG] Fetched SqlSession [org.apache.ibatis.session.defaults.DefaultSqlSession@3acc57b] from current transaction
2018-07-04 17:24:56,569 [http-bio-8081-exec-1] [com.hongyuli.mapper.TbItemCatMapper.selectByExample]-[DEBUG] ==>  Preparing: select id, parent_id, name, status, sort_order, is_parent, created, updated from tb_item_cat WHERE ( parent_id = ? ) 
2018-07-04 17:24:56,570 [http-bio-8081-exec-1] [com.hongyuli.mapper.TbItemCatMapper.selectByExample]-[DEBUG] ==> Parameters: 89(Long)
2018-07-04 17:24:56,579 [http-bio-8081-exec-1] [com.hongyuli.mapper.TbItemCatMapper.selectByExample]-[DEBUG] <==      Total: 18
2018-07-04 17:24:56,579 [http-bio-8081-exec-1] [org.mybatis.spring.SqlSessionUtils]-[DEBUG] Releasing transactional SqlSession [org.apache.ibatis.session.defaults.DefaultSqlSession@3acc57b]
2018-07-04 17:24:56,579 [http-bio-8081-exec-1] [org.mybatis.spring.SqlSessionUtils]-[DEBUG] Fetched SqlSession [org.apache.ibatis.session.defaults.DefaultSqlSession@3acc57b] from current transaction
2018-07-04 17:24:56,579 [http-bio-8081-exec-1] [com.hongyuli.mapper.TbItemCatMapper.selectByExample]-[DEBUG] ==>  Preparing: select id, parent_id, name, status, sort_order, is_parent, created, updated from tb_item_cat WHERE ( parent_id = ? ) 
2018-07-04 17:24:56,580 [http-bio-8081-exec-1] [com.hongyuli.mapper.TbItemCatMapper.selectByExample]-[DEBUG] ==> Parameters: 108(Long)
2018-07-04 17:24:56,587 [http-bio-8081-exec-1] [com.hongyuli.mapper.TbItemCatMapper.selectByExample]-[DEBUG] <==      Total: 17
2018-07-04 17:24:56,587 [http-bio-8081-exec-1] [org.mybatis.spring.SqlSessionUtils]-[DEBUG] Releasing transactional SqlSession [org.apache.ibatis.session.defaults.DefaultSqlSession@3acc57b]
2018-07-04 17:24:56,587 [http-bio-8081-exec-1] [org.mybatis.spring.SqlSessionUtils]-[DEBUG] Fetched SqlSession [org.apache.ibatis.session.defaults.DefaultSqlSession@3acc57b] from current transaction
2018-07-04 17:24:56,588 [http-bio-8081-exec-1] [com.hongyuli.mapper.TbItemCatMapper.selectByExample]-[DEBUG] ==>  Preparing: select id, parent_id, name, status, sort_order, is_parent, created, updated from tb_item_cat WHERE ( parent_id = ? ) 
2018-07-04 17:24:56,588 [http-bio-8081-exec-1] [com.hongyuli.mapper.TbItemCatMapper.selectByExample]-[DEBUG] ==> Parameters: 126(Long)
2018-07-04 17:24:56,595 [http-bio-8081-exec-1] [com.hongyuli.mapper.TbItemCatMapper.selectByExample]-[DEBUG] <==      Total: 15
2018-07-04 17:24:56,596 [http-bio-8081-exec-1] [org.mybatis.spring.SqlSessionUtils]-[DEBUG] Releasing transactional SqlSession [org.apache.ibatis.session.defaults.DefaultSqlSession@3acc57b]
2018-07-04 17:24:56,596 [http-bio-8081-exec-1] [org.mybatis.spring.SqlSessionUtils]-[DEBUG] Fetched SqlSession [org.apache.ibatis.session.defaults.DefaultSqlSession@3acc57b] from current transaction
2018-07-04 17:24:56,596 [http-bio-8081-exec-1] [com.hongyuli.mapper.TbItemCatMapper.selectByExample]-[DEBUG] ==>  Preparing: select id, parent_id, name, status, sort_order, is_parent, created, updated from tb_item_cat WHERE ( parent_id = ? ) 
2018-07-04 17:24:56,596 [http-bio-8081-exec-1] [com.hongyuli.mapper.TbItemCatMapper.selectByExample]-[DEBUG] ==> Parameters: 142(Long)
2018-07-04 17:24:56,604 [http-bio-8081-exec-1] [com.hongyuli.mapper.TbItemCatMapper.selectByExample]-[DEBUG] <==      Total: 18
2018-07-04 17:24:56,604 [http-bio-8081-exec-1] [org.mybatis.spring.SqlSessionUtils]-[DEBUG] Releasing transactional SqlSession [org.apache.ibatis.session.defaults.DefaultSqlSession@3acc57b]
2018-07-04 17:24:56,604 [http-bio-8081-exec-1] [org.mybatis.spring.SqlSessionUtils]-[DEBUG] Fetched SqlSession [org.apache.ibatis.session.defaults.DefaultSqlSession@3acc57b] from current transaction
2018-07-04 17:24:56,604 [http-bio-8081-exec-1] [com.hongyuli.mapper.TbItemCatMapper.selectByExample]-[DEBUG] ==>  Preparing: select id, parent_id, name, status, sort_order, is_parent, created, updated from tb_item_cat WHERE ( parent_id = ? ) 
2018-07-04 17:24:56,604 [http-bio-8081-exec-1] [com.hongyuli.mapper.TbItemCatMapper.selectByExample]-[DEBUG] ==> Parameters: 161(Long)
2018-07-04 17:24:56,611 [http-bio-8081-exec-1] [com.hongyuli.mapper.TbItemCatMapper.selectByExample]-[DEBUG] <==      Total: 7
2018-07-04 17:24:56,611 [http-bio-8081-exec-1] [org.mybatis.spring.SqlSessionUtils]-[DEBUG] Releasing transactional SqlSession [org.apache.ibatis.session.defaults.DefaultSqlSession@3acc57b]
2018-07-04 17:24:56,611 [http-bio-8081-exec-1] [org.mybatis.spring.SqlSessionUtils]-[DEBUG] Fetched SqlSession [org.apache.ibatis.session.defaults.DefaultSqlSession@3acc57b] from current transaction
2018-07-04 17:24:56,611 [http-bio-8081-exec-1] [com.hongyuli.mapper.TbItemCatMapper.selectByExample]-[DEBUG] ==>  Preparing: select id, parent_id, name, status, sort_order, is_parent, created, updated from tb_item_cat WHERE ( parent_id = ? ) 
2018-07-04 17:24:56,611 [http-bio-8081-exec-1] [com.hongyuli.mapper.TbItemCatMapper.selectByExample]-[DEBUG] ==> Parameters: 162(Long)
2018-07-04 17:24:56,619 [http-bio-8081-exec-1] [com.hongyuli.mapper.TbItemCatMapper.selectByExample]-[DEBUG] <==      Total: 8
2018-07-04 17:24:56,619 [http-bio-8081-exec-1] [org.mybatis.spring.SqlSessionUtils]-[DEBUG] Releasing transactional SqlSession [org.apache.ibatis.session.defaults.DefaultSqlSession@3acc57b]
2018-07-04 17:24:56,619 [http-bio-8081-exec-1] [org.mybatis.spring.SqlSessionUtils]-[DEBUG] Fetched SqlSession [org.apache.ibatis.session.defaults.DefaultSqlSession@3acc57b] from current transaction
2018-07-04 17:24:56,620 [http-bio-8081-exec-1] [com.hongyuli.mapper.TbItemCatMapper.selectByExample]-[DEBUG] ==>  Preparing: select id, parent_id, name, status, sort_order, is_parent, created, updated from tb_item_cat WHERE ( parent_id = ? ) 
2018-07-04 17:24:56,620 [http-bio-8081-exec-1] [com.hongyuli.mapper.TbItemCatMapper.selectByExample]-[DEBUG] ==> Parameters: 171(Long)
2018-07-04 17:24:56,628 [http-bio-8081-exec-1] [com.hongyuli.mapper.TbItemCatMapper.selectByExample]-[DEBUG] <==      Total: 14
2018-07-04 17:24:56,628 [http-bio-8081-exec-1] [org.mybatis.spring.SqlSessionUtils]-[DEBUG] Releasing transactional SqlSession [org.apache.ibatis.session.defaults.DefaultSqlSession@3acc57b]
2018-07-04 17:24:56,628 [http-bio-8081-exec-1] [org.mybatis.spring.SqlSessionUtils]-[DEBUG] Fetched SqlSession [org.apache.ibatis.session.defaults.DefaultSqlSession@3acc57b] from current transaction
2018-07-04 17:24:56,628 [http-bio-8081-exec-1] [com.hongyuli.mapper.TbItemCatMapper.selectByExample]-[DEBUG] ==>  Preparing: select id, parent_id, name, status, sort_order, is_parent, created, updated from tb_item_cat WHERE ( parent_id = ? ) 
2018-07-04 17:24:56,628 [http-bio-8081-exec-1] [com.hongyuli.mapper.TbItemCatMapper.selectByExample]-[DEBUG] ==> Parameters: 186(Long)
2018-07-04 17:24:56,637 [http-bio-8081-exec-1] [com.hongyuli.mapper.TbItemCatMapper.selectByExample]-[DEBUG] <==      Total: 15
2018-07-04 17:24:56,637 [http-bio-8081-exec-1] [org.mybatis.spring.SqlSessionUtils]-[DEBUG] Releasing transactional SqlSession [org.apache.ibatis.session.defaults.DefaultSqlSession@3acc57b]
2018-07-04 17:24:56,637 [http-bio-8081-exec-1] [org.mybatis.spring.SqlSessionUtils]-[DEBUG] Fetched SqlSession [org.apache.ibatis.session.defaults.DefaultSqlSession@3acc57b] from current transaction
2018-07-04 17:24:56,637 [http-bio-8081-exec-1] [com.hongyuli.mapper.TbItemCatMapper.selectByExample]-[DEBUG] ==>  Preparing: select id, parent_id, name, status, sort_order, is_parent, created, updated from tb_item_cat WHERE ( parent_id = ? ) 
2018-07-04 17:24:56,637 [http-bio-8081-exec-1] [com.hongyuli.mapper.TbItemCatMapper.selectByExample]-[DEBUG] ==> Parameters: 202(Long)
2018-07-04 17:24:56,645 [http-bio-8081-exec-1] [com.hongyuli.mapper.TbItemCatMapper.selectByExample]-[DEBUG] <==      Total: 7
2018-07-04 17:24:56,645 [http-bio-8081-exec-1] [org.mybatis.spring.SqlSessionUtils]-[DEBUG] Releasing transactional SqlSession [org.apache.ibatis.session.defaults.DefaultSqlSession@3acc57b]
2018-07-04 17:24:56,645 [http-bio-8081-exec-1] [org.mybatis.spring.SqlSessionUtils]-[DEBUG] Fetched SqlSession [org.apache.ibatis.session.defaults.DefaultSqlSession@3acc57b] from current transaction
2018-07-04 17:24:56,645 [http-bio-8081-exec-1] [com.hongyuli.mapper.TbItemCatMapper.selectByExample]-[DEBUG] ==>  Preparing: select id, parent_id, name, status, sort_order, is_parent, created, updated from tb_item_cat WHERE ( parent_id = ? ) 
2018-07-04 17:24:56,646 [http-bio-8081-exec-1] [com.hongyuli.mapper.TbItemCatMapper.selectByExample]-[DEBUG] ==> Parameters: 210(Long)
2018-07-04 17:24:56,653 [http-bio-8081-exec-1] [com.hongyuli.mapper.TbItemCatMapper.selectByExample]-[DEBUG] <==      Total: 18
2018-07-04 17:24:56,653 [http-bio-8081-exec-1] [org.mybatis.spring.SqlSessionUtils]-[DEBUG] Releasing transactional SqlSession [org.apache.ibatis.session.defaults.DefaultSqlSession@3acc57b]
2018-07-04 17:24:56,654 [http-bio-8081-exec-1] [org.mybatis.spring.SqlSessionUtils]-[DEBUG] Fetched SqlSession [org.apache.ibatis.session.defaults.DefaultSqlSession@3acc57b] from current transaction
2018-07-04 17:24:56,654 [http-bio-8081-exec-1] [com.hongyuli.mapper.TbItemCatMapper.selectByExample]-[DEBUG] ==>  Preparing: select id, parent_id, name, status, sort_order, is_parent, created, updated from tb_item_cat WHERE ( parent_id = ? ) 
2018-07-04 17:24:56,654 [http-bio-8081-exec-1] [com.hongyuli.mapper.TbItemCatMapper.selectByExample]-[DEBUG] ==> Parameters: 229(Long)
2018-07-04 17:24:56,661 [http-bio-8081-exec-1] [com.hongyuli.mapper.TbItemCatMapper.selectByExample]-[DEBUG] <==      Total: 14
2018-07-04 17:24:56,661 [http-bio-8081-exec-1] [org.mybatis.spring.SqlSessionUtils]-[DEBUG] Releasing transactional SqlSession [org.apache.ibatis.session.defaults.DefaultSqlSession@3acc57b]
2018-07-04 17:24:56,661 [http-bio-8081-exec-1] [org.mybatis.spring.SqlSessionUtils]-[DEBUG] Fetched SqlSession [org.apache.ibatis.session.defaults.DefaultSqlSession@3acc57b] from current transaction
2018-07-04 17:24:56,662 [http-bio-8081-exec-1] [com.hongyuli.mapper.TbItemCatMapper.selectByExample]-[DEBUG] ==>  Preparing: select id, parent_id, name, status, sort_order, is_parent, created, updated from tb_item_cat WHERE ( parent_id = ? ) 
2018-07-04 17:24:56,662 [http-bio-8081-exec-1] [com.hongyuli.mapper.TbItemCatMapper.selectByExample]-[DEBUG] ==> Parameters: 244(Long)
2018-07-04 17:24:56,669 [http-bio-8081-exec-1] [com.hongyuli.mapper.TbItemCatMapper.selectByExample]-[DEBUG] <==      Total: 4
2018-07-04 17:24:56,669 [http-bio-8081-exec-1] [org.mybatis.spring.SqlSessionUtils]-[DEBUG] Releasing transactional SqlSession [org.apache.ibatis.session.defaults.DefaultSqlSession@3acc57b]
2018-07-04 17:24:56,669 [http-bio-8081-exec-1] [org.mybatis.spring.SqlSessionUtils]-[DEBUG] Fetched SqlSession [org.apache.ibatis.session.defaults.DefaultSqlSession@3acc57b] from current transaction
2018-07-04 17:24:56,669 [http-bio-8081-exec-1] [com.hongyuli.mapper.TbItemCatMapper.selectByExample]-[DEBUG] ==>  Preparing: select id, parent_id, name, status, sort_order, is_parent, created, updated from tb_item_cat WHERE ( parent_id = ? ) 
2018-07-04 17:24:56,669 [http-bio-8081-exec-1] [com.hongyuli.mapper.TbItemCatMapper.selectByExample]-[DEBUG] ==> Parameters: 249(Long)
2018-07-04 17:24:56,677 [http-bio-8081-exec-1] [com.hongyuli.mapper.TbItemCatMapper.selectByExample]-[DEBUG] <==      Total: 6
2018-07-04 17:24:56,677 [http-bio-8081-exec-1] [org.mybatis.spring.SqlSessionUtils]-[DEBUG] Releasing transactional SqlSession [org.apache.ibatis.session.defaults.DefaultSqlSession@3acc57b]
2018-07-04 17:24:56,677 [http-bio-8081-exec-1] [org.mybatis.spring.SqlSessionUtils]-[DEBUG] Fetched SqlSession [org.apache.ibatis.session.defaults.DefaultSqlSession@3acc57b] from current transaction
2018-07-04 17:24:56,677 [http-bio-8081-exec-1] [com.hongyuli.mapper.TbItemCatMapper.selectByExample]-[DEBUG] ==>  Preparing: select id, parent_id, name, status, sort_order, is_parent, created, updated from tb_item_cat WHERE ( parent_id = ? ) 
2018-07-04 17:24:56,677 [http-bio-8081-exec-1] [com.hongyuli.mapper.TbItemCatMapper.selectByExample]-[DEBUG] ==> Parameters: 250(Long)
2018-07-04 17:24:56,685 [http-bio-8081-exec-1] [com.hongyuli.mapper.TbItemCatMapper.selectByExample]-[DEBUG] <==      Total: 5
2018-07-04 17:24:56,685 [http-bio-8081-exec-1] [org.mybatis.spring.SqlSessionUtils]-[DEBUG] Releasing transactional SqlSession [org.apache.ibatis.session.defaults.DefaultSqlSession@3acc57b]
2018-07-04 17:24:56,685 [http-bio-8081-exec-1] [org.mybatis.spring.SqlSessionUtils]-[DEBUG] Fetched SqlSession [org.apache.ibatis.session.defaults.DefaultSqlSession@3acc57b] from current transaction
2018-07-04 17:24:56,685 [http-bio-8081-exec-1] [com.hongyuli.mapper.TbItemCatMapper.selectByExample]-[DEBUG] ==>  Preparing: select id, parent_id, name, status, sort_order, is_parent, created, updated from tb_item_cat WHERE ( parent_id = ? ) 
2018-07-04 17:24:56,686 [http-bio-8081-exec-1] [com.hongyuli.mapper.TbItemCatMapper.selectByExample]-[DEBUG] ==> Parameters: 256(Long)
2018-07-04 17:24:56,693 [http-bio-8081-exec-1] [com.hongyuli.mapper.TbItemCatMapper.selectByExample]-[DEBUG] <==      Total: 7
2018-07-04 17:24:56,693 [http-bio-8081-exec-1] [org.mybatis.spring.SqlSessionUtils]-[DEBUG] Releasing transactional SqlSession [org.apache.ibatis.session.defaults.DefaultSqlSession@3acc57b]
2018-07-04 17:24:56,693 [http-bio-8081-exec-1] [org.mybatis.spring.SqlSessionUtils]-[DEBUG] Fetched SqlSession [org.apache.ibatis.session.defaults.DefaultSqlSession@3acc57b] from current transaction
2018-07-04 17:24:56,693 [http-bio-8081-exec-1] [com.hongyuli.mapper.TbItemCatMapper.selectByExample]-[DEBUG] ==>  Preparing: select id, parent_id, name, status, sort_order, is_parent, created, updated from tb_item_cat WHERE ( parent_id = ? ) 
2018-07-04 17:24:56,694 [http-bio-8081-exec-1] [com.hongyuli.mapper.TbItemCatMapper.selectByExample]-[DEBUG] ==> Parameters: 264(Long)
2018-07-04 17:24:56,701 [http-bio-8081-exec-1] [com.hongyuli.mapper.TbItemCatMapper.selectByExample]-[DEBUG] <==      Total: 4
2018-07-04 17:24:56,701 [http-bio-8081-exec-1] [org.mybatis.spring.SqlSessionUtils]-[DEBUG] Releasing transactional SqlSession [org.apache.ibatis.session.defaults.DefaultSqlSession@3acc57b]
2018-07-04 17:24:56,701 [http-bio-8081-exec-1] [org.mybatis.spring.SqlSessionUtils]-[DEBUG] Fetched SqlSession [org.apache.ibatis.session.defaults.DefaultSqlSession@3acc57b] from current transaction
2018-07-04 17:24:56,701 [http-bio-8081-exec-1] [com.hongyuli.mapper.TbItemCatMapper.selectByExample]-[DEBUG] ==>  Preparing: select id, parent_id, name, status, sort_order, is_parent, created, updated from tb_item_cat WHERE ( parent_id = ? ) 
2018-07-04 17:24:56,701 [http-bio-8081-exec-1] [com.hongyuli.mapper.TbItemCatMapper.selectByExample]-[DEBUG] ==> Parameters: 269(Long)
2018-07-04 17:24:56,708 [http-bio-8081-exec-1] [com.hongyuli.mapper.TbItemCatMapper.selectByExample]-[DEBUG] <==      Total: 4
2018-07-04 17:24:56,708 [http-bio-8081-exec-1] [org.mybatis.spring.SqlSessionUtils]-[DEBUG] Releasing transactional SqlSession [org.apache.ibatis.session.defaults.DefaultSqlSession@3acc57b]
2018-07-04 17:24:56,708 [http-bio-8081-exec-1] [org.mybatis.spring.SqlSessionUtils]-[DEBUG] Fetched SqlSession [org.apache.ibatis.session.defaults.DefaultSqlSession@3acc57b] from current transaction
2018-07-04 17:24:56,708 [http-bio-8081-exec-1] [com.hongyuli.mapper.TbItemCatMapper.selectByExample]-[DEBUG] ==>  Preparing: select id, parent_id, name, status, sort_order, is_parent, created, updated from tb_item_cat WHERE ( parent_id = ? ) 
2018-07-04 17:24:56,709 [http-bio-8081-exec-1] [com.hongyuli.mapper.TbItemCatMapper.selectByExample]-[DEBUG] ==> Parameters: 274(Long)
2018-07-04 17:24:56,716 [http-bio-8081-exec-1] [com.hongyuli.mapper.TbItemCatMapper.selectByExample]-[DEBUG] <==      Total: 6
2018-07-04 17:24:56,716 [http-bio-8081-exec-1] [org.mybatis.spring.SqlSessionUtils]-[DEBUG] Releasing transactional SqlSession [org.apache.ibatis.session.defaults.DefaultSqlSession@3acc57b]
2018-07-04 17:24:56,716 [http-bio-8081-exec-1] [org.mybatis.spring.SqlSessionUtils]-[DEBUG] Fetched SqlSession [org.apache.ibatis.session.defaults.DefaultSqlSession@3acc57b] from current transaction
2018-07-04 17:24:56,717 [http-bio-8081-exec-1] [com.hongyuli.mapper.TbItemCatMapper.selectByExample]-[DEBUG] ==>  Preparing: select id, parent_id, name, status, sort_order, is_parent, created, updated from tb_item_cat WHERE ( parent_id = ? ) 
2018-07-04 17:24:56,717 [http-bio-8081-exec-1] [com.hongyuli.mapper.TbItemCatMapper.selectByExample]-[DEBUG] ==> Parameters: 281(Long)
2018-07-04 17:24:56,724 [http-bio-8081-exec-1] [com.hongyuli.mapper.TbItemCatMapper.selectByExample]-[DEBUG] <==      Total: 8
2018-07-04 17:24:56,724 [http-bio-8081-exec-1] [org.mybatis.spring.SqlSessionUtils]-[DEBUG] Releasing transactional SqlSession [org.apache.ibatis.session.defaults.DefaultSqlSession@3acc57b]
2018-07-04 17:24:56,724 [http-bio-8081-exec-1] [org.mybatis.spring.SqlSessionUtils]-[DEBUG] Fetched SqlSession [org.apache.ibatis.session.defaults.DefaultSqlSession@3acc57b] from current transaction
2018-07-04 17:24:56,725 [http-bio-8081-exec-1] [com.hongyuli.mapper.TbItemCatMapper.selectByExample]-[DEBUG] ==>  Preparing: select id, parent_id, name, status, sort_order, is_parent, created, updated from tb_item_cat WHERE ( parent_id = ? ) 
2018-07-04 17:24:56,725 [http-bio-8081-exec-1] [com.hongyuli.mapper.TbItemCatMapper.selectByExample]-[DEBUG] ==> Parameters: 290(Long)
2018-07-04 17:24:56,732 [http-bio-8081-exec-1] [com.hongyuli.mapper.TbItemCatMapper.selectByExample]-[DEBUG] <==      Total: 1
2018-07-04 17:24:56,733 [http-bio-8081-exec-1] [org.mybatis.spring.SqlSessionUtils]-[DEBUG] Releasing transactional SqlSession [org.apache.ibatis.session.defaults.DefaultSqlSession@3acc57b]
2018-07-04 17:24:56,733 [http-bio-8081-exec-1] [org.mybatis.spring.SqlSessionUtils]-[DEBUG] Fetched SqlSession [org.apache.ibatis.session.defaults.DefaultSqlSession@3acc57b] from current transaction
2018-07-04 17:24:56,733 [http-bio-8081-exec-1] [com.hongyuli.mapper.TbItemCatMapper.selectByExample]-[DEBUG] ==>  Preparing: select id, parent_id, name, status, sort_order, is_parent, created, updated from tb_item_cat WHERE ( parent_id = ? ) 
2018-07-04 17:24:56,733 [http-bio-8081-exec-1] [com.hongyuli.mapper.TbItemCatMapper.selectByExample]-[DEBUG] ==> Parameters: 291(Long)
2018-07-04 17:24:56,740 [http-bio-8081-exec-1] [com.hongyuli.mapper.TbItemCatMapper.selectByExample]-[DEBUG] <==      Total: 4
2018-07-04 17:24:56,740 [http-bio-8081-exec-1] [org.mybatis.spring.SqlSessionUtils]-[DEBUG] Releasing transactional SqlSession [org.apache.ibatis.session.defaults.DefaultSqlSession@3acc57b]
2018-07-04 17:24:56,740 [http-bio-8081-exec-1] [org.mybatis.spring.SqlSessionUtils]-[DEBUG] Fetched SqlSession [org.apache.ibatis.session.defaults.DefaultSqlSession@3acc57b] from current transaction
2018-07-04 17:24:56,741 [http-bio-8081-exec-1] [com.hongyuli.mapper.TbItemCatMapper.selectByExample]-[DEBUG] ==>  Preparing: select id, parent_id, name, status, sort_order, is_parent, created, updated from tb_item_cat WHERE ( parent_id = ? ) 
2018-07-04 17:24:56,741 [http-bio-8081-exec-1] [com.hongyuli.mapper.TbItemCatMapper.selectByExample]-[DEBUG] ==> Parameters: 296(Long)
2018-07-04 17:24:56,750 [http-bio-8081-exec-1] [com.hongyuli.mapper.TbItemCatMapper.selectByExample]-[DEBUG] <==      Total: 10
2018-07-04 17:24:56,750 [http-bio-8081-exec-1] [org.mybatis.spring.SqlSessionUtils]-[DEBUG] Releasing transactional SqlSession [org.apache.ibatis.session.defaults.DefaultSqlSession@3acc57b]
2018-07-04 17:24:56,750 [http-bio-8081-exec-1] [org.mybatis.spring.SqlSessionUtils]-[DEBUG] Fetched SqlSession [org.apache.ibatis.session.defaults.DefaultSqlSession@3acc57b] from current transaction
2018-07-04 17:24:56,750 [http-bio-8081-exec-1] [com.hongyuli.mapper.TbItemCatMapper.selectByExample]-[DEBUG] ==>  Preparing: select id, parent_id, name, status, sort_order, is_parent, created, updated from tb_item_cat WHERE ( parent_id = ? ) 
2018-07-04 17:24:56,750 [http-bio-8081-exec-1] [com.hongyuli.mapper.TbItemCatMapper.selectByExample]-[DEBUG] ==> Parameters: 297(Long)
2018-07-04 17:24:56,758 [http-bio-8081-exec-1] [com.hongyuli.mapper.TbItemCatMapper.selectByExample]-[DEBUG] <==      Total: 2
2018-07-04 17:24:56,758 [http-bio-8081-exec-1] [org.mybatis.spring.SqlSessionUtils]-[DEBUG] Releasing transactional SqlSession [org.apache.ibatis.session.defaults.DefaultSqlSession@3acc57b]
2018-07-04 17:24:56,759 [http-bio-8081-exec-1] [org.mybatis.spring.SqlSessionUtils]-[DEBUG] Fetched SqlSession [org.apache.ibatis.session.defaults.DefaultSqlSession@3acc57b] from current transaction
2018-07-04 17:24:56,759 [http-bio-8081-exec-1] [com.hongyuli.mapper.TbItemCatMapper.selectByExample]-[DEBUG] ==>  Preparing: select id, parent_id, name, status, sort_order, is_parent, created, updated from tb_item_cat WHERE ( parent_id = ? ) 
2018-07-04 17:24:56,759 [http-bio-8081-exec-1] [com.hongyuli.mapper.TbItemCatMapper.selectByExample]-[DEBUG] ==> Parameters: 300(Long)
2018-07-04 17:24:56,767 [http-bio-8081-exec-1] [com.hongyuli.mapper.TbItemCatMapper.selectByExample]-[DEBUG] <==      Total: 8
2018-07-04 17:24:56,767 [http-bio-8081-exec-1] [org.mybatis.spring.SqlSessionUtils]-[DEBUG] Releasing transactional SqlSession [org.apache.ibatis.session.defaults.DefaultSqlSession@3acc57b]
2018-07-04 17:24:56,767 [http-bio-8081-exec-1] [org.mybatis.spring.SqlSessionUtils]-[DEBUG] Fetched SqlSession [org.apache.ibatis.session.defaults.DefaultSqlSession@3acc57b] from current transaction
2018-07-04 17:24:56,767 [http-bio-8081-exec-1] [com.hongyuli.mapper.TbItemCatMapper.selectByExample]-[DEBUG] ==>  Preparing: select id, parent_id, name, status, sort_order, is_parent, created, updated from tb_item_cat WHERE ( parent_id = ? ) 
2018-07-04 17:24:56,767 [http-bio-8081-exec-1] [com.hongyuli.mapper.TbItemCatMapper.selectByExample]-[DEBUG] ==> Parameters: 309(Long)
2018-07-04 17:24:56,775 [http-bio-8081-exec-1] [com.hongyuli.mapper.TbItemCatMapper.selectByExample]-[DEBUG] <==      Total: 4
2018-07-04 17:24:56,775 [http-bio-8081-exec-1] [org.mybatis.spring.SqlSessionUtils]-[DEBUG] Releasing transactional SqlSession [org.apache.ibatis.session.defaults.DefaultSqlSession@3acc57b]
2018-07-04 17:24:56,776 [http-bio-8081-exec-1] [org.mybatis.spring.SqlSessionUtils]-[DEBUG] Fetched SqlSession [org.apache.ibatis.session.defaults.DefaultSqlSession@3acc57b] from current transaction
2018-07-04 17:24:56,776 [http-bio-8081-exec-1] [com.hongyuli.mapper.TbItemCatMapper.selectByExample]-[DEBUG] ==>  Preparing: select id, parent_id, name, status, sort_order, is_parent, created, updated from tb_item_cat WHERE ( parent_id = ? ) 
2018-07-04 17:24:56,776 [http-bio-8081-exec-1] [com.hongyuli.mapper.TbItemCatMapper.selectByExample]-[DEBUG] ==> Parameters: 314(Long)
2018-07-04 17:24:56,785 [http-bio-8081-exec-1] [com.hongyuli.mapper.TbItemCatMapper.selectByExample]-[DEBUG] <==      Total: 7
2018-07-04 17:24:56,785 [http-bio-8081-exec-1] [org.mybatis.spring.SqlSessionUtils]-[DEBUG] Releasing transactional SqlSession [org.apache.ibatis.session.defaults.DefaultSqlSession@3acc57b]
2018-07-04 17:24:56,785 [http-bio-8081-exec-1] [org.mybatis.spring.SqlSessionUtils]-[DEBUG] Fetched SqlSession [org.apache.ibatis.session.defaults.DefaultSqlSession@3acc57b] from current transaction
2018-07-04 17:24:56,785 [http-bio-8081-exec-1] [com.hongyuli.mapper.TbItemCatMapper.selectByExample]-[DEBUG] ==>  Preparing: select id, parent_id, name, status, sort_order, is_parent, created, updated from tb_item_cat WHERE ( parent_id = ? ) 
2018-07-04 17:24:56,785 [http-bio-8081-exec-1] [com.hongyuli.mapper.TbItemCatMapper.selectByExample]-[DEBUG] ==> Parameters: 322(Long)
2018-07-04 17:24:56,793 [http-bio-8081-exec-1] [com.hongyuli.mapper.TbItemCatMapper.selectByExample]-[DEBUG] <==      Total: 8
2018-07-04 17:24:56,793 [http-bio-8081-exec-1] [org.mybatis.spring.SqlSessionUtils]-[DEBUG] Releasing transactional SqlSession [org.apache.ibatis.session.defaults.DefaultSqlSession@3acc57b]
2018-07-04 17:24:56,794 [http-bio-8081-exec-1] [org.mybatis.spring.SqlSessionUtils]-[DEBUG] Fetched SqlSession [org.apache.ibatis.session.defaults.DefaultSqlSession@3acc57b] from current transaction
2018-07-04 17:24:56,794 [http-bio-8081-exec-1] [com.hongyuli.mapper.TbItemCatMapper.selectByExample]-[DEBUG] ==>  Preparing: select id, parent_id, name, status, sort_order, is_parent, created, updated from tb_item_cat WHERE ( parent_id = ? ) 
2018-07-04 17:24:56,795 [http-bio-8081-exec-1] [com.hongyuli.mapper.TbItemCatMapper.selectByExample]-[DEBUG] ==> Parameters: 331(Long)
2018-07-04 17:24:56,803 [http-bio-8081-exec-1] [com.hongyuli.mapper.TbItemCatMapper.selectByExample]-[DEBUG] <==      Total: 9
2018-07-04 17:24:56,804 [http-bio-8081-exec-1] [org.mybatis.spring.SqlSessionUtils]-[DEBUG] Releasing transactional SqlSession [org.apache.ibatis.session.defaults.DefaultSqlSession@3acc57b]
2018-07-04 17:24:56,804 [http-bio-8081-exec-1] [org.mybatis.spring.SqlSessionUtils]-[DEBUG] Fetched SqlSession [org.apache.ibatis.session.defaults.DefaultSqlSession@3acc57b] from current transaction
2018-07-04 17:24:56,804 [http-bio-8081-exec-1] [com.hongyuli.mapper.TbItemCatMapper.selectByExample]-[DEBUG] ==>  Preparing: select id, parent_id, name, status, sort_order, is_parent, created, updated from tb_item_cat WHERE ( parent_id = ? ) 
2018-07-04 17:24:56,805 [http-bio-8081-exec-1] [com.hongyuli.mapper.TbItemCatMapper.selectByExample]-[DEBUG] ==> Parameters: 341(Long)
2018-07-04 17:24:56,813 [http-bio-8081-exec-1] [com.hongyuli.mapper.TbItemCatMapper.selectByExample]-[DEBUG] <==      Total: 6
2018-07-04 17:24:56,814 [http-bio-8081-exec-1] [org.mybatis.spring.SqlSessionUtils]-[DEBUG] Releasing transactional SqlSession [org.apache.ibatis.session.defaults.DefaultSqlSession@3acc57b]
2018-07-04 17:24:56,814 [http-bio-8081-exec-1] [org.mybatis.spring.SqlSessionUtils]-[DEBUG] Fetched SqlSession [org.apache.ibatis.session.defaults.DefaultSqlSession@3acc57b] from current transaction
2018-07-04 17:24:56,814 [http-bio-8081-exec-1] [com.hongyuli.mapper.TbItemCatMapper.selectByExample]-[DEBUG] ==>  Preparing: select id, parent_id, name, status, sort_order, is_parent, created, updated from tb_item_cat WHERE ( parent_id = ? ) 
2018-07-04 17:24:56,814 [http-bio-8081-exec-1] [com.hongyuli.mapper.TbItemCatMapper.selectByExample]-[DEBUG] ==> Parameters: 348(Long)
2018-07-04 17:24:56,824 [http-bio-8081-exec-1] [com.hongyuli.mapper.TbItemCatMapper.selectByExample]-[DEBUG] <==      Total: 9
2018-07-04 17:24:56,824 [http-bio-8081-exec-1] [org.mybatis.spring.SqlSessionUtils]-[DEBUG] Releasing transactional SqlSession [org.apache.ibatis.session.defaults.DefaultSqlSession@3acc57b]
2018-07-04 17:24:56,824 [http-bio-8081-exec-1] [org.mybatis.spring.SqlSessionUtils]-[DEBUG] Fetched SqlSession [org.apache.ibatis.session.defaults.DefaultSqlSession@3acc57b] from current transaction
2018-07-04 17:24:56,825 [http-bio-8081-exec-1] [com.hongyuli.mapper.TbItemCatMapper.selectByExample]-[DEBUG] ==>  Preparing: select id, parent_id, name, status, sort_order, is_parent, created, updated from tb_item_cat WHERE ( parent_id = ? ) 
2018-07-04 17:24:56,825 [http-bio-8081-exec-1] [com.hongyuli.mapper.TbItemCatMapper.selectByExample]-[DEBUG] ==> Parameters: 358(Long)
2018-07-04 17:24:56,834 [http-bio-8081-exec-1] [com.hongyuli.mapper.TbItemCatMapper.selectByExample]-[DEBUG] <==      Total: 15
2018-07-04 17:24:56,834 [http-bio-8081-exec-1] [org.mybatis.spring.SqlSessionUtils]-[DEBUG] Releasing transactional SqlSession [org.apache.ibatis.session.defaults.DefaultSqlSession@3acc57b]
2018-07-04 17:24:56,834 [http-bio-8081-exec-1] [org.mybatis.spring.SqlSessionUtils]-[DEBUG] Fetched SqlSession [org.apache.ibatis.session.defaults.DefaultSqlSession@3acc57b] from current transaction
2018-07-04 17:24:56,835 [http-bio-8081-exec-1] [com.hongyuli.mapper.TbItemCatMapper.selectByExample]-[DEBUG] ==>  Preparing: select id, parent_id, name, status, sort_order, is_parent, created, updated from tb_item_cat WHERE ( parent_id = ? ) 
2018-07-04 17:24:56,835 [http-bio-8081-exec-1] [com.hongyuli.mapper.TbItemCatMapper.selectByExample]-[DEBUG] ==> Parameters: 374(Long)
2018-07-04 17:24:56,843 [http-bio-8081-exec-1] [com.hongyuli.mapper.TbItemCatMapper.selectByExample]-[DEBUG] <==      Total: 3
2018-07-04 17:24:56,843 [http-bio-8081-exec-1] [org.mybatis.spring.SqlSessionUtils]-[DEBUG] Releasing transactional SqlSession [org.apache.ibatis.session.defaults.DefaultSqlSession@3acc57b]
2018-07-04 17:24:56,843 [http-bio-8081-exec-1] [org.mybatis.spring.SqlSessionUtils]-[DEBUG] Fetched SqlSession [org.apache.ibatis.session.defaults.DefaultSqlSession@3acc57b] from current transaction
2018-07-04 17:24:56,844 [http-bio-8081-exec-1] [com.hongyuli.mapper.TbItemCatMapper.selectByExample]-[DEBUG] ==>  Preparing: select id, parent_id, name, status, sort_order, is_parent, created, updated from tb_item_cat WHERE ( parent_id = ? ) 
2018-07-04 17:24:56,844 [http-bio-8081-exec-1] [com.hongyuli.mapper.TbItemCatMapper.selectByExample]-[DEBUG] ==> Parameters: 378(Long)
2018-07-04 17:24:56,853 [http-bio-8081-exec-1] [com.hongyuli.mapper.TbItemCatMapper.selectByExample]-[DEBUG] <==      Total: 7
2018-07-04 17:24:56,853 [http-bio-8081-exec-1] [org.mybatis.spring.SqlSessionUtils]-[DEBUG] Releasing transactional SqlSession [org.apache.ibatis.session.defaults.DefaultSqlSession@3acc57b]
2018-07-04 17:24:56,853 [http-bio-8081-exec-1] [org.mybatis.spring.SqlSessionUtils]-[DEBUG] Fetched SqlSession [org.apache.ibatis.session.defaults.DefaultSqlSession@3acc57b] from current transaction
2018-07-04 17:24:56,854 [http-bio-8081-exec-1] [com.hongyuli.mapper.TbItemCatMapper.selectByExample]-[DEBUG] ==>  Preparing: select id, parent_id, name, status, sort_order, is_parent, created, updated from tb_item_cat WHERE ( parent_id = ? ) 
2018-07-04 17:24:56,854 [http-bio-8081-exec-1] [com.hongyuli.mapper.TbItemCatMapper.selectByExample]-[DEBUG] ==> Parameters: 379(Long)
2018-07-04 17:24:56,863 [http-bio-8081-exec-1] [com.hongyuli.mapper.TbItemCatMapper.selectByExample]-[DEBUG] <==      Total: 6
2018-07-04 17:24:56,863 [http-bio-8081-exec-1] [org.mybatis.spring.SqlSessionUtils]-[DEBUG] Releasing transactional SqlSession [org.apache.ibatis.session.defaults.DefaultSqlSession@3acc57b]
2018-07-04 17:24:56,863 [http-bio-8081-exec-1] [org.mybatis.spring.SqlSessionUtils]-[DEBUG] Fetched SqlSession [org.apache.ibatis.session.defaults.DefaultSqlSession@3acc57b] from current transaction
2018-07-04 17:24:56,863 [http-bio-8081-exec-1] [com.hongyuli.mapper.TbItemCatMapper.selectByExample]-[DEBUG] ==>  Preparing: select id, parent_id, name, status, sort_order, is_parent, created, updated from tb_item_cat WHERE ( parent_id = ? ) 
2018-07-04 17:24:56,864 [http-bio-8081-exec-1] [com.hongyuli.mapper.TbItemCatMapper.selectByExample]-[DEBUG] ==> Parameters: 386(Long)
2018-07-04 17:24:56,871 [http-bio-8081-exec-1] [com.hongyuli.mapper.TbItemCatMapper.selectByExample]-[DEBUG] <==      Total: 10
2018-07-04 17:24:56,872 [http-bio-8081-exec-1] [org.mybatis.spring.SqlSessionUtils]-[DEBUG] Releasing transactional SqlSession [org.apache.ibatis.session.defaults.DefaultSqlSession@3acc57b]
2018-07-04 17:24:56,872 [http-bio-8081-exec-1] [org.mybatis.spring.SqlSessionUtils]-[DEBUG] Fetched SqlSession [org.apache.ibatis.session.defaults.DefaultSqlSession@3acc57b] from current transaction
2018-07-04 17:24:56,872 [http-bio-8081-exec-1] [com.hongyuli.mapper.TbItemCatMapper.selectByExample]-[DEBUG] ==>  Preparing: select id, parent_id, name, status, sort_order, is_parent, created, updated from tb_item_cat WHERE ( parent_id = ? ) 
2018-07-04 17:24:56,872 [http-bio-8081-exec-1] [com.hongyuli.mapper.TbItemCatMapper.selectByExample]-[DEBUG] ==> Parameters: 397(Long)
2018-07-04 17:24:56,881 [http-bio-8081-exec-1] [com.hongyuli.mapper.TbItemCatMapper.selectByExample]-[DEBUG] <==      Total: 7
2018-07-04 17:24:56,882 [http-bio-8081-exec-1] [org.mybatis.spring.SqlSessionUtils]-[DEBUG] Releasing transactional SqlSession [org.apache.ibatis.session.defaults.DefaultSqlSession@3acc57b]
2018-07-04 17:24:56,882 [http-bio-8081-exec-1] [org.mybatis.spring.SqlSessionUtils]-[DEBUG] Fetched SqlSession [org.apache.ibatis.session.defaults.DefaultSqlSession@3acc57b] from current transaction
2018-07-04 17:24:56,882 [http-bio-8081-exec-1] [com.hongyuli.mapper.TbItemCatMapper.selectByExample]-[DEBUG] ==>  Preparing: select id, parent_id, name, status, sort_order, is_parent, created, updated from tb_item_cat WHERE ( parent_id = ? ) 
2018-07-04 17:24:56,882 [http-bio-8081-exec-1] [com.hongyuli.mapper.TbItemCatMapper.selectByExample]-[DEBUG] ==> Parameters: 405(Long)
2018-07-04 17:24:56,891 [http-bio-8081-exec-1] [com.hongyuli.mapper.TbItemCatMapper.selectByExample]-[DEBUG] <==      Total: 6
2018-07-04 17:24:56,891 [http-bio-8081-exec-1] [org.mybatis.spring.SqlSessionUtils]-[DEBUG] Releasing transactional SqlSession [org.apache.ibatis.session.defaults.DefaultSqlSession@3acc57b]
2018-07-04 17:24:56,891 [http-bio-8081-exec-1] [org.mybatis.spring.SqlSessionUtils]-[DEBUG] Fetched SqlSession [org.apache.ibatis.session.defaults.DefaultSqlSession@3acc57b] from current transaction
2018-07-04 17:24:56,892 [http-bio-8081-exec-1] [com.hongyuli.mapper.TbItemCatMapper.selectByExample]-[DEBUG] ==>  Preparing: select id, parent_id, name, status, sort_order, is_parent, created, updated from tb_item_cat WHERE ( parent_id = ? ) 
2018-07-04 17:24:56,892 [http-bio-8081-exec-1] [com.hongyuli.mapper.TbItemCatMapper.selectByExample]-[DEBUG] ==> Parameters: 412(Long)
2018-07-04 17:24:56,899 [http-bio-8081-exec-1] [com.hongyuli.mapper.TbItemCatMapper.selectByExample]-[DEBUG] <==      Total: 7
2018-07-04 17:24:56,899 [http-bio-8081-exec-1] [org.mybatis.spring.SqlSessionUtils]-[DEBUG] Releasing transactional SqlSession [org.apache.ibatis.session.defaults.DefaultSqlSession@3acc57b]
2018-07-04 17:24:56,899 [http-bio-8081-exec-1] [org.mybatis.spring.SqlSessionUtils]-[DEBUG] Fetched SqlSession [org.apache.ibatis.session.defaults.DefaultSqlSession@3acc57b] from current transaction
2018-07-04 17:24:56,900 [http-bio-8081-exec-1] [com.hongyuli.mapper.TbItemCatMapper.selectByExample]-[DEBUG] ==>  Preparing: select id, parent_id, name, status, sort_order, is_parent, created, updated from tb_item_cat WHERE ( parent_id = ? ) 
2018-07-04 17:24:56,900 [http-bio-8081-exec-1] [com.hongyuli.mapper.TbItemCatMapper.selectByExample]-[DEBUG] ==> Parameters: 420(Long)
2018-07-04 17:24:56,907 [http-bio-8081-exec-1] [com.hongyuli.mapper.TbItemCatMapper.selectByExample]-[DEBUG] <==      Total: 4
2018-07-04 17:24:56,907 [http-bio-8081-exec-1] [org.mybatis.spring.SqlSessionUtils]-[DEBUG] Releasing transactional SqlSession [org.apache.ibatis.session.defaults.DefaultSqlSession@3acc57b]
2018-07-04 17:24:56,907 [http-bio-8081-exec-1] [org.mybatis.spring.SqlSessionUtils]-[DEBUG] Fetched SqlSession [org.apache.ibatis.session.defaults.DefaultSqlSession@3acc57b] from current transaction
2018-07-04 17:24:56,908 [http-bio-8081-exec-1] [com.hongyuli.mapper.TbItemCatMapper.selectByExample]-[DEBUG] ==>  Preparing: select id, parent_id, name, status, sort_order, is_parent, created, updated from tb_item_cat WHERE ( parent_id = ? ) 
2018-07-04 17:24:56,908 [http-bio-8081-exec-1] [com.hongyuli.mapper.TbItemCatMapper.selectByExample]-[DEBUG] ==> Parameters: 425(Long)
2018-07-04 17:24:56,917 [http-bio-8081-exec-1] [com.hongyuli.mapper.TbItemCatMapper.selectByExample]-[DEBUG] <==      Total: 12
2018-07-04 17:24:56,917 [http-bio-8081-exec-1] [org.mybatis.spring.SqlSessionUtils]-[DEBUG] Releasing transactional SqlSession [org.apache.ibatis.session.defaults.DefaultSqlSession@3acc57b]
2018-07-04 17:24:56,917 [http-bio-8081-exec-1] [org.mybatis.spring.SqlSessionUtils]-[DEBUG] Fetched SqlSession [org.apache.ibatis.session.defaults.DefaultSqlSession@3acc57b] from current transaction
2018-07-04 17:24:56,918 [http-bio-8081-exec-1] [com.hongyuli.mapper.TbItemCatMapper.selectByExample]-[DEBUG] ==>  Preparing: select id, parent_id, name, status, sort_order, is_parent, created, updated from tb_item_cat WHERE ( parent_id = ? ) 
2018-07-04 17:24:56,918 [http-bio-8081-exec-1] [com.hongyuli.mapper.TbItemCatMapper.selectByExample]-[DEBUG] ==> Parameters: 438(Long)
2018-07-04 17:24:56,925 [http-bio-8081-exec-1] [com.hongyuli.mapper.TbItemCatMapper.selectByExample]-[DEBUG] <==      Total: 5
2018-07-04 17:24:56,926 [http-bio-8081-exec-1] [org.mybatis.spring.SqlSessionUtils]-[DEBUG] Releasing transactional SqlSession [org.apache.ibatis.session.defaults.DefaultSqlSession@3acc57b]
2018-07-04 17:24:56,926 [http-bio-8081-exec-1] [org.mybatis.spring.SqlSessionUtils]-[DEBUG] Fetched SqlSession [org.apache.ibatis.session.defaults.DefaultSqlSession@3acc57b] from current transaction
2018-07-04 17:24:56,926 [http-bio-8081-exec-1] [com.hongyuli.mapper.TbItemCatMapper.selectByExample]-[DEBUG] ==>  Preparing: select id, parent_id, name, status, sort_order, is_parent, created, updated from tb_item_cat WHERE ( parent_id = ? ) 
2018-07-04 17:24:56,926 [http-bio-8081-exec-1] [com.hongyuli.mapper.TbItemCatMapper.selectByExample]-[DEBUG] ==> Parameters: 439(Long)
2018-07-04 17:24:56,934 [http-bio-8081-exec-1] [com.hongyuli.mapper.TbItemCatMapper.selectByExample]-[DEBUG] <==      Total: 16
2018-07-04 17:24:56,934 [http-bio-8081-exec-1] [org.mybatis.spring.SqlSessionUtils]-[DEBUG] Releasing transactional SqlSession [org.apache.ibatis.session.defaults.DefaultSqlSession@3acc57b]
2018-07-04 17:24:56,934 [http-bio-8081-exec-1] [org.mybatis.spring.SqlSessionUtils]-[DEBUG] Fetched SqlSession [org.apache.ibatis.session.defaults.DefaultSqlSession@3acc57b] from current transaction
2018-07-04 17:24:56,935 [http-bio-8081-exec-1] [com.hongyuli.mapper.TbItemCatMapper.selectByExample]-[DEBUG] ==>  Preparing: select id, parent_id, name, status, sort_order, is_parent, created, updated from tb_item_cat WHERE ( parent_id = ? ) 
2018-07-04 17:24:56,935 [http-bio-8081-exec-1] [com.hongyuli.mapper.TbItemCatMapper.selectByExample]-[DEBUG] ==> Parameters: 456(Long)
2018-07-04 17:24:56,943 [http-bio-8081-exec-1] [com.hongyuli.mapper.TbItemCatMapper.selectByExample]-[DEBUG] <==      Total: 10
2018-07-04 17:24:56,943 [http-bio-8081-exec-1] [org.mybatis.spring.SqlSessionUtils]-[DEBUG] Releasing transactional SqlSession [org.apache.ibatis.session.defaults.DefaultSqlSession@3acc57b]
2018-07-04 17:24:56,944 [http-bio-8081-exec-1] [org.mybatis.spring.SqlSessionUtils]-[DEBUG] Fetched SqlSession [org.apache.ibatis.session.defaults.DefaultSqlSession@3acc57b] from current transaction
2018-07-04 17:24:56,944 [http-bio-8081-exec-1] [com.hongyuli.mapper.TbItemCatMapper.selectByExample]-[DEBUG] ==>  Preparing: select id, parent_id, name, status, sort_order, is_parent, created, updated from tb_item_cat WHERE ( parent_id = ? ) 
2018-07-04 17:24:56,944 [http-bio-8081-exec-1] [com.hongyuli.mapper.TbItemCatMapper.selectByExample]-[DEBUG] ==> Parameters: 467(Long)
2018-07-04 17:24:56,951 [http-bio-8081-exec-1] [com.hongyuli.mapper.TbItemCatMapper.selectByExample]-[DEBUG] <==      Total: 6
2018-07-04 17:24:56,951 [http-bio-8081-exec-1] [org.mybatis.spring.SqlSessionUtils]-[DEBUG] Releasing transactional SqlSession [org.apache.ibatis.session.defaults.DefaultSqlSession@3acc57b]
2018-07-04 17:24:56,951 [http-bio-8081-exec-1] [org.mybatis.spring.SqlSessionUtils]-[DEBUG] Fetched SqlSession [org.apache.ibatis.session.defaults.DefaultSqlSession@3acc57b] from current transaction
2018-07-04 17:24:56,952 [http-bio-8081-exec-1] [com.hongyuli.mapper.TbItemCatMapper.selectByExample]-[DEBUG] ==>  Preparing: select id, parent_id, name, status, sort_order, is_parent, created, updated from tb_item_cat WHERE ( parent_id = ? ) 
2018-07-04 17:24:56,952 [http-bio-8081-exec-1] [com.hongyuli.mapper.TbItemCatMapper.selectByExample]-[DEBUG] ==> Parameters: 474(Long)
2018-07-04 17:24:56,960 [http-bio-8081-exec-1] [com.hongyuli.mapper.TbItemCatMapper.selectByExample]-[DEBUG] <==      Total: 11
2018-07-04 17:24:56,960 [http-bio-8081-exec-1] [org.mybatis.spring.SqlSessionUtils]-[DEBUG] Releasing transactional SqlSession [org.apache.ibatis.session.defaults.DefaultSqlSession@3acc57b]
2018-07-04 17:24:56,960 [http-bio-8081-exec-1] [org.mybatis.spring.SqlSessionUtils]-[DEBUG] Fetched SqlSession [org.apache.ibatis.session.defaults.DefaultSqlSession@3acc57b] from current transaction
2018-07-04 17:24:56,960 [http-bio-8081-exec-1] [com.hongyuli.mapper.TbItemCatMapper.selectByExample]-[DEBUG] ==>  Preparing: select id, parent_id, name, status, sort_order, is_parent, created, updated from tb_item_cat WHERE ( parent_id = ? ) 
2018-07-04 17:24:56,960 [http-bio-8081-exec-1] [com.hongyuli.mapper.TbItemCatMapper.selectByExample]-[DEBUG] ==> Parameters: 486(Long)
2018-07-04 17:24:56,969 [http-bio-8081-exec-1] [com.hongyuli.mapper.TbItemCatMapper.selectByExample]-[DEBUG] <==      Total: 8
2018-07-04 17:24:56,969 [http-bio-8081-exec-1] [org.mybatis.spring.SqlSessionUtils]-[DEBUG] Releasing transactional SqlSession [org.apache.ibatis.session.defaults.DefaultSqlSession@3acc57b]
2018-07-04 17:24:56,969 [http-bio-8081-exec-1] [org.mybatis.spring.SqlSessionUtils]-[DEBUG] Fetched SqlSession [org.apache.ibatis.session.defaults.DefaultSqlSession@3acc57b] from current transaction
2018-07-04 17:24:56,970 [http-bio-8081-exec-1] [com.hongyuli.mapper.TbItemCatMapper.selectByExample]-[DEBUG] ==>  Preparing: select id, parent_id, name, status, sort_order, is_parent, created, updated from tb_item_cat WHERE ( parent_id = ? ) 
2018-07-04 17:24:56,970 [http-bio-8081-exec-1] [com.hongyuli.mapper.TbItemCatMapper.selectByExample]-[DEBUG] ==> Parameters: 495(Long)
2018-07-04 17:24:56,978 [http-bio-8081-exec-1] [com.hongyuli.mapper.TbItemCatMapper.selectByExample]-[DEBUG] <==      Total: 12
2018-07-04 17:24:56,978 [http-bio-8081-exec-1] [org.mybatis.spring.SqlSessionUtils]-[DEBUG] Releasing transactional SqlSession [org.apache.ibatis.session.defaults.DefaultSqlSession@3acc57b]
2018-07-04 17:24:56,978 [http-bio-8081-exec-1] [org.mybatis.spring.SqlSessionUtils]-[DEBUG] Fetched SqlSession [org.apache.ibatis.session.defaults.DefaultSqlSession@3acc57b] from current transaction
2018-07-04 17:24:56,978 [http-bio-8081-exec-1] [com.hongyuli.mapper.TbItemCatMapper.selectByExample]-[DEBUG] ==>  Preparing: select id, parent_id, name, status, sort_order, is_parent, created, updated from tb_item_cat WHERE ( parent_id = ? ) 
2018-07-04 17:24:56,978 [http-bio-8081-exec-1] [com.hongyuli.mapper.TbItemCatMapper.selectByExample]-[DEBUG] ==> Parameters: 496(Long)
2018-07-04 17:24:56,985 [http-bio-8081-exec-1] [com.hongyuli.mapper.TbItemCatMapper.selectByExample]-[DEBUG] <==      Total: 6
2018-07-04 17:24:56,985 [http-bio-8081-exec-1] [org.mybatis.spring.SqlSessionUtils]-[DEBUG] Releasing transactional SqlSession [org.apache.ibatis.session.defaults.DefaultSqlSession@3acc57b]
2018-07-04 17:24:56,985 [http-bio-8081-exec-1] [org.mybatis.spring.SqlSessionUtils]-[DEBUG] Fetched SqlSession [org.apache.ibatis.session.defaults.DefaultSqlSession@3acc57b] from current transaction
2018-07-04 17:24:56,986 [http-bio-8081-exec-1] [com.hongyuli.mapper.TbItemCatMapper.selectByExample]-[DEBUG] ==>  Preparing: select id, parent_id, name, status, sort_order, is_parent, created, updated from tb_item_cat WHERE ( parent_id = ? ) 
2018-07-04 17:24:56,986 [http-bio-8081-exec-1] [com.hongyuli.mapper.TbItemCatMapper.selectByExample]-[DEBUG] ==> Parameters: 503(Long)
2018-07-04 17:24:56,993 [http-bio-8081-exec-1] [com.hongyuli.mapper.TbItemCatMapper.selectByExample]-[DEBUG] <==      Total: 5
2018-07-04 17:24:56,994 [http-bio-8081-exec-1] [org.mybatis.spring.SqlSessionUtils]-[DEBUG] Releasing transactional SqlSession [org.apache.ibatis.session.defaults.DefaultSqlSession@3acc57b]
2018-07-04 17:24:56,994 [http-bio-8081-exec-1] [org.mybatis.spring.SqlSessionUtils]-[DEBUG] Fetched SqlSession [org.apache.ibatis.session.defaults.DefaultSqlSession@3acc57b] from current transaction
2018-07-04 17:24:56,994 [http-bio-8081-exec-1] [com.hongyuli.mapper.TbItemCatMapper.selectByExample]-[DEBUG] ==>  Preparing: select id, parent_id, name, status, sort_order, is_parent, created, updated from tb_item_cat WHERE ( parent_id = ? ) 
2018-07-04 17:24:56,994 [http-bio-8081-exec-1] [com.hongyuli.mapper.TbItemCatMapper.selectByExample]-[DEBUG] ==> Parameters: 509(Long)
2018-07-04 17:24:57,001 [http-bio-8081-exec-1] [com.hongyuli.mapper.TbItemCatMapper.selectByExample]-[DEBUG] <==      Total: 2
2018-07-04 17:24:57,001 [http-bio-8081-exec-1] [org.mybatis.spring.SqlSessionUtils]-[DEBUG] Releasing transactional SqlSession [org.apache.ibatis.session.defaults.DefaultSqlSession@3acc57b]
2018-07-04 17:24:57,001 [http-bio-8081-exec-1] [org.mybatis.spring.SqlSessionUtils]-[DEBUG] Fetched SqlSession [org.apache.ibatis.session.defaults.DefaultSqlSession@3acc57b] from current transaction
2018-07-04 17:24:57,002 [http-bio-8081-exec-1] [com.hongyuli.mapper.TbItemCatMapper.selectByExample]-[DEBUG] ==>  Preparing: select id, parent_id, name, status, sort_order, is_parent, created, updated from tb_item_cat WHERE ( parent_id = ? ) 
2018-07-04 17:24:57,002 [http-bio-8081-exec-1] [com.hongyuli.mapper.TbItemCatMapper.selectByExample]-[DEBUG] ==> Parameters: 512(Long)
2018-07-04 17:24:57,009 [http-bio-8081-exec-1] [com.hongyuli.mapper.TbItemCatMapper.selectByExample]-[DEBUG] <==      Total: 3
2018-07-04 17:24:57,010 [http-bio-8081-exec-1] [org.mybatis.spring.SqlSessionUtils]-[DEBUG] Releasing transactional SqlSession [org.apache.ibatis.session.defaults.DefaultSqlSession@3acc57b]
2018-07-04 17:24:57,010 [http-bio-8081-exec-1] [org.mybatis.spring.SqlSessionUtils]-[DEBUG] Fetched SqlSession [org.apache.ibatis.session.defaults.DefaultSqlSession@3acc57b] from current transaction
2018-07-04 17:24:57,010 [http-bio-8081-exec-1] [com.hongyuli.mapper.TbItemCatMapper.selectByExample]-[DEBUG] ==>  Preparing: select id, parent_id, name, status, sort_order, is_parent, created, updated from tb_item_cat WHERE ( parent_id = ? ) 
2018-07-04 17:24:57,010 [http-bio-8081-exec-1] [com.hongyuli.mapper.TbItemCatMapper.selectByExample]-[DEBUG] ==> Parameters: 516(Long)
2018-07-04 17:24:57,017 [http-bio-8081-exec-1] [com.hongyuli.mapper.TbItemCatMapper.selectByExample]-[DEBUG] <==      Total: 3
2018-07-04 17:24:57,017 [http-bio-8081-exec-1] [org.mybatis.spring.SqlSessionUtils]-[DEBUG] Releasing transactional SqlSession [org.apache.ibatis.session.defaults.DefaultSqlSession@3acc57b]
2018-07-04 17:24:57,017 [http-bio-8081-exec-1] [org.mybatis.spring.SqlSessionUtils]-[DEBUG] Fetched SqlSession [org.apache.ibatis.session.defaults.DefaultSqlSession@3acc57b] from current transaction
2018-07-04 17:24:57,018 [http-bio-8081-exec-1] [com.hongyuli.mapper.TbItemCatMapper.selectByExample]-[DEBUG] ==>  Preparing: select id, parent_id, name, status, sort_order, is_parent, created, updated from tb_item_cat WHERE ( parent_id = ? ) 
2018-07-04 17:24:57,018 [http-bio-8081-exec-1] [com.hongyuli.mapper.TbItemCatMapper.selectByExample]-[DEBUG] ==> Parameters: 520(Long)
2018-07-04 17:24:57,025 [http-bio-8081-exec-1] [com.hongyuli.mapper.TbItemCatMapper.selectByExample]-[DEBUG] <==      Total: 4
2018-07-04 17:24:57,025 [http-bio-8081-exec-1] [org.mybatis.spring.SqlSessionUtils]-[DEBUG] Releasing transactional SqlSession [org.apache.ibatis.session.defaults.DefaultSqlSession@3acc57b]
2018-07-04 17:24:57,026 [http-bio-8081-exec-1] [org.mybatis.spring.SqlSessionUtils]-[DEBUG] Fetched SqlSession [org.apache.ibatis.session.defaults.DefaultSqlSession@3acc57b] from current transaction
2018-07-04 17:24:57,026 [http-bio-8081-exec-1] [com.hongyuli.mapper.TbItemCatMapper.selectByExample]-[DEBUG] ==>  Preparing: select id, parent_id, name, status, sort_order, is_parent, created, updated from tb_item_cat WHERE ( parent_id = ? ) 
2018-07-04 17:24:57,026 [http-bio-8081-exec-1] [com.hongyuli.mapper.TbItemCatMapper.selectByExample]-[DEBUG] ==> Parameters: 525(Long)
2018-07-04 17:24:57,034 [http-bio-8081-exec-1] [com.hongyuli.mapper.TbItemCatMapper.selectByExample]-[DEBUG] <==      Total: 3
2018-07-04 17:24:57,034 [http-bio-8081-exec-1] [org.mybatis.spring.SqlSessionUtils]-[DEBUG] Releasing transactional SqlSession [org.apache.ibatis.session.defaults.DefaultSqlSession@3acc57b]
2018-07-04 17:24:57,034 [http-bio-8081-exec-1] [org.mybatis.spring.SqlSessionUtils]-[DEBUG] Fetched SqlSession [org.apache.ibatis.session.defaults.DefaultSqlSession@3acc57b] from current transaction
2018-07-04 17:24:57,034 [http-bio-8081-exec-1] [com.hongyuli.mapper.TbItemCatMapper.selectByExample]-[DEBUG] ==>  Preparing: select id, parent_id, name, status, sort_order, is_parent, created, updated from tb_item_cat WHERE ( parent_id = ? ) 
2018-07-04 17:24:57,034 [http-bio-8081-exec-1] [com.hongyuli.mapper.TbItemCatMapper.selectByExample]-[DEBUG] ==> Parameters: 529(Long)
2018-07-04 17:24:57,043 [http-bio-8081-exec-1] [com.hongyuli.mapper.TbItemCatMapper.selectByExample]-[DEBUG] <==      Total: 4
2018-07-04 17:24:57,043 [http-bio-8081-exec-1] [org.mybatis.spring.SqlSessionUtils]-[DEBUG] Releasing transactional SqlSession [org.apache.ibatis.session.defaults.DefaultSqlSession@3acc57b]
2018-07-04 17:24:57,043 [http-bio-8081-exec-1] [org.mybatis.spring.SqlSessionUtils]-[DEBUG] Fetched SqlSession [org.apache.ibatis.session.defaults.DefaultSqlSession@3acc57b] from current transaction
2018-07-04 17:24:57,044 [http-bio-8081-exec-1] [com.hongyuli.mapper.TbItemCatMapper.selectByExample]-[DEBUG] ==>  Preparing: select id, parent_id, name, status, sort_order, is_parent, created, updated from tb_item_cat WHERE ( parent_id = ? ) 
2018-07-04 17:24:57,044 [http-bio-8081-exec-1] [com.hongyuli.mapper.TbItemCatMapper.selectByExample]-[DEBUG] ==> Parameters: 534(Long)
2018-07-04 17:24:57,051 [http-bio-8081-exec-1] [com.hongyuli.mapper.TbItemCatMapper.selectByExample]-[DEBUG] <==      Total: 4
2018-07-04 17:24:57,052 [http-bio-8081-exec-1] [org.mybatis.spring.SqlSessionUtils]-[DEBUG] Releasing transactional SqlSession [org.apache.ibatis.session.defaults.DefaultSqlSession@3acc57b]
2018-07-04 17:24:57,052 [http-bio-8081-exec-1] [org.mybatis.spring.SqlSessionUtils]-[DEBUG] Fetched SqlSession [org.apache.ibatis.session.defaults.DefaultSqlSession@3acc57b] from current transaction
2018-07-04 17:24:57,052 [http-bio-8081-exec-1] [com.hongyuli.mapper.TbItemCatMapper.selectByExample]-[DEBUG] ==>  Preparing: select id, parent_id, name, status, sort_order, is_parent, created, updated from tb_item_cat WHERE ( parent_id = ? ) 
2018-07-04 17:24:57,053 [http-bio-8081-exec-1] [com.hongyuli.mapper.TbItemCatMapper.selectByExample]-[DEBUG] ==> Parameters: 539(Long)
2018-07-04 17:24:57,061 [http-bio-8081-exec-1] [com.hongyuli.mapper.TbItemCatMapper.selectByExample]-[DEBUG] <==      Total: 3
2018-07-04 17:24:57,061 [http-bio-8081-exec-1] [org.mybatis.spring.SqlSessionUtils]-[DEBUG] Releasing transactional SqlSession [org.apache.ibatis.session.defaults.DefaultSqlSession@3acc57b]
2018-07-04 17:24:57,062 [http-bio-8081-exec-1] [org.mybatis.spring.SqlSessionUtils]-[DEBUG] Fetched SqlSession [org.apache.ibatis.session.defaults.DefaultSqlSession@3acc57b] from current transaction
2018-07-04 17:24:57,062 [http-bio-8081-exec-1] [com.hongyuli.mapper.TbItemCatMapper.selectByExample]-[DEBUG] ==>  Preparing: select id, parent_id, name, status, sort_order, is_parent, created, updated from tb_item_cat WHERE ( parent_id = ? ) 
2018-07-04 17:24:57,062 [http-bio-8081-exec-1] [com.hongyuli.mapper.TbItemCatMapper.selectByExample]-[DEBUG] ==> Parameters: 543(Long)
2018-07-04 17:24:57,070 [http-bio-8081-exec-1] [com.hongyuli.mapper.TbItemCatMapper.selectByExample]-[DEBUG] <==      Total: 2
2018-07-04 17:24:57,070 [http-bio-8081-exec-1] [org.mybatis.spring.SqlSessionUtils]-[DEBUG] Releasing transactional SqlSession [org.apache.ibatis.session.defaults.DefaultSqlSession@3acc57b]
2018-07-04 17:24:57,070 [http-bio-8081-exec-1] [org.mybatis.spring.SqlSessionUtils]-[DEBUG] Fetched SqlSession [org.apache.ibatis.session.defaults.DefaultSqlSession@3acc57b] from current transaction
2018-07-04 17:24:57,070 [http-bio-8081-exec-1] [com.hongyuli.mapper.TbItemCatMapper.selectByExample]-[DEBUG] ==>  Preparing: select id, parent_id, name, status, sort_order, is_parent, created, updated from tb_item_cat WHERE ( parent_id = ? ) 
2018-07-04 17:24:57,071 [http-bio-8081-exec-1] [com.hongyuli.mapper.TbItemCatMapper.selectByExample]-[DEBUG] ==> Parameters: 546(Long)
2018-07-04 17:24:57,079 [http-bio-8081-exec-1] [com.hongyuli.mapper.TbItemCatMapper.selectByExample]-[DEBUG] <==      Total: 11
2018-07-04 17:24:57,079 [http-bio-8081-exec-1] [org.mybatis.spring.SqlSessionUtils]-[DEBUG] Releasing transactional SqlSession [org.apache.ibatis.session.defaults.DefaultSqlSession@3acc57b]
2018-07-04 17:24:57,079 [http-bio-8081-exec-1] [org.mybatis.spring.SqlSessionUtils]-[DEBUG] Fetched SqlSession [org.apache.ibatis.session.defaults.DefaultSqlSession@3acc57b] from current transaction
2018-07-04 17:24:57,079 [http-bio-8081-exec-1] [com.hongyuli.mapper.TbItemCatMapper.selectByExample]-[DEBUG] ==>  Preparing: select id, parent_id, name, status, sort_order, is_parent, created, updated from tb_item_cat WHERE ( parent_id = ? ) 
2018-07-04 17:24:57,080 [http-bio-8081-exec-1] [com.hongyuli.mapper.TbItemCatMapper.selectByExample]-[DEBUG] ==> Parameters: 558(Long)
2018-07-04 17:24:57,089 [http-bio-8081-exec-1] [com.hongyuli.mapper.TbItemCatMapper.selectByExample]-[DEBUG] <==      Total: 3
2018-07-04 17:24:57,089 [http-bio-8081-exec-1] [org.mybatis.spring.SqlSessionUtils]-[DEBUG] Releasing transactional SqlSession [org.apache.ibatis.session.defaults.DefaultSqlSession@3acc57b]
2018-07-04 17:24:57,089 [http-bio-8081-exec-1] [org.mybatis.spring.SqlSessionUtils]-[DEBUG] Fetched SqlSession [org.apache.ibatis.session.defaults.DefaultSqlSession@3acc57b] from current transaction
2018-07-04 17:24:57,089 [http-bio-8081-exec-1] [com.hongyuli.mapper.TbItemCatMapper.selectByExample]-[DEBUG] ==>  Preparing: select id, parent_id, name, status, sort_order, is_parent, created, updated from tb_item_cat WHERE ( parent_id = ? ) 
2018-07-04 17:24:57,089 [http-bio-8081-exec-1] [com.hongyuli.mapper.TbItemCatMapper.selectByExample]-[DEBUG] ==> Parameters: 559(Long)
2018-07-04 17:24:57,096 [http-bio-8081-exec-1] [com.hongyuli.mapper.TbItemCatMapper.selectByExample]-[DEBUG] <==      Total: 2
2018-07-04 17:24:57,096 [http-bio-8081-exec-1] [org.mybatis.spring.SqlSessionUtils]-[DEBUG] Releasing transactional SqlSession [org.apache.ibatis.session.defaults.DefaultSqlSession@3acc57b]
2018-07-04 17:24:57,096 [http-bio-8081-exec-1] [org.mybatis.spring.SqlSessionUtils]-[DEBUG] Fetched SqlSession [org.apache.ibatis.session.defaults.DefaultSqlSession@3acc57b] from current transaction
2018-07-04 17:24:57,097 [http-bio-8081-exec-1] [com.hongyuli.mapper.TbItemCatMapper.selectByExample]-[DEBUG] ==>  Preparing: select id, parent_id, name, status, sort_order, is_parent, created, updated from tb_item_cat WHERE ( parent_id = ? ) 
2018-07-04 17:24:57,097 [http-bio-8081-exec-1] [com.hongyuli.mapper.TbItemCatMapper.selectByExample]-[DEBUG] ==> Parameters: 562(Long)
2018-07-04 17:24:57,104 [http-bio-8081-exec-1] [com.hongyuli.mapper.TbItemCatMapper.selectByExample]-[DEBUG] <==      Total: 4
2018-07-04 17:24:57,105 [http-bio-8081-exec-1] [org.mybatis.spring.SqlSessionUtils]-[DEBUG] Releasing transactional SqlSession [org.apache.ibatis.session.defaults.DefaultSqlSession@3acc57b]
2018-07-04 17:24:57,105 [http-bio-8081-exec-1] [org.mybatis.spring.SqlSessionUtils]-[DEBUG] Fetched SqlSession [org.apache.ibatis.session.defaults.DefaultSqlSession@3acc57b] from current transaction
2018-07-04 17:24:57,105 [http-bio-8081-exec-1] [com.hongyuli.mapper.TbItemCatMapper.selectByExample]-[DEBUG] ==>  Preparing: select id, parent_id, name, status, sort_order, is_parent, created, updated from tb_item_cat WHERE ( parent_id = ? ) 
2018-07-04 17:24:57,105 [http-bio-8081-exec-1] [com.hongyuli.mapper.TbItemCatMapper.selectByExample]-[DEBUG] ==> Parameters: 567(Long)
2018-07-04 17:24:57,115 [http-bio-8081-exec-1] [com.hongyuli.mapper.TbItemCatMapper.selectByExample]-[DEBUG] <==      Total: 12
2018-07-04 17:24:57,116 [http-bio-8081-exec-1] [org.mybatis.spring.SqlSessionUtils]-[DEBUG] Releasing transactional SqlSession [org.apache.ibatis.session.defaults.DefaultSqlSession@3acc57b]
2018-07-04 17:24:57,116 [http-bio-8081-exec-1] [org.mybatis.spring.SqlSessionUtils]-[DEBUG] Fetched SqlSession [org.apache.ibatis.session.defaults.DefaultSqlSession@3acc57b] from current transaction
2018-07-04 17:24:57,116 [http-bio-8081-exec-1] [com.hongyuli.mapper.TbItemCatMapper.selectByExample]-[DEBUG] ==>  Preparing: select id, parent_id, name, status, sort_order, is_parent, created, updated from tb_item_cat WHERE ( parent_id = ? ) 
2018-07-04 17:24:57,116 [http-bio-8081-exec-1] [com.hongyuli.mapper.TbItemCatMapper.selectByExample]-[DEBUG] ==> Parameters: 580(Long)
2018-07-04 17:24:57,124 [http-bio-8081-exec-1] [com.hongyuli.mapper.TbItemCatMapper.selectByExample]-[DEBUG] <==      Total: 5
2018-07-04 17:24:57,124 [http-bio-8081-exec-1] [org.mybatis.spring.SqlSessionUtils]-[DEBUG] Releasing transactional SqlSession [org.apache.ibatis.session.defaults.DefaultSqlSession@3acc57b]
2018-07-04 17:24:57,124 [http-bio-8081-exec-1] [org.mybatis.spring.SqlSessionUtils]-[DEBUG] Fetched SqlSession [org.apache.ibatis.session.defaults.DefaultSqlSession@3acc57b] from current transaction
2018-07-04 17:24:57,125 [http-bio-8081-exec-1] [com.hongyuli.mapper.TbItemCatMapper.selectByExample]-[DEBUG] ==>  Preparing: select id, parent_id, name, status, sort_order, is_parent, created, updated from tb_item_cat WHERE ( parent_id = ? ) 
2018-07-04 17:24:57,125 [http-bio-8081-exec-1] [com.hongyuli.mapper.TbItemCatMapper.selectByExample]-[DEBUG] ==> Parameters: 581(Long)
2018-07-04 17:24:57,134 [http-bio-8081-exec-1] [com.hongyuli.mapper.TbItemCatMapper.selectByExample]-[DEBUG] <==      Total: 9
2018-07-04 17:24:57,134 [http-bio-8081-exec-1] [org.mybatis.spring.SqlSessionUtils]-[DEBUG] Releasing transactional SqlSession [org.apache.ibatis.session.defaults.DefaultSqlSession@3acc57b]
2018-07-04 17:24:57,134 [http-bio-8081-exec-1] [org.mybatis.spring.SqlSessionUtils]-[DEBUG] Fetched SqlSession [org.apache.ibatis.session.defaults.DefaultSqlSession@3acc57b] from current transaction
2018-07-04 17:24:57,134 [http-bio-8081-exec-1] [com.hongyuli.mapper.TbItemCatMapper.selectByExample]-[DEBUG] ==>  Preparing: select id, parent_id, name, status, sort_order, is_parent, created, updated from tb_item_cat WHERE ( parent_id = ? ) 
2018-07-04 17:24:57,134 [http-bio-8081-exec-1] [com.hongyuli.mapper.TbItemCatMapper.selectByExample]-[DEBUG] ==> Parameters: 591(Long)
2018-07-04 17:24:57,143 [http-bio-8081-exec-1] [com.hongyuli.mapper.TbItemCatMapper.selectByExample]-[DEBUG] <==      Total: 12
2018-07-04 17:24:57,143 [http-bio-8081-exec-1] [org.mybatis.spring.SqlSessionUtils]-[DEBUG] Releasing transactional SqlSession [org.apache.ibatis.session.defaults.DefaultSqlSession@3acc57b]
2018-07-04 17:24:57,143 [http-bio-8081-exec-1] [org.mybatis.spring.SqlSessionUtils]-[DEBUG] Fetched SqlSession [org.apache.ibatis.session.defaults.DefaultSqlSession@3acc57b] from current transaction
2018-07-04 17:24:57,143 [http-bio-8081-exec-1] [com.hongyuli.mapper.TbItemCatMapper.selectByExample]-[DEBUG] ==>  Preparing: select id, parent_id, name, status, sort_order, is_parent, created, updated from tb_item_cat WHERE ( parent_id = ? ) 
2018-07-04 17:24:57,143 [http-bio-8081-exec-1] [com.hongyuli.mapper.TbItemCatMapper.selectByExample]-[DEBUG] ==> Parameters: 604(Long)
2018-07-04 17:24:57,151 [http-bio-8081-exec-1] [com.hongyuli.mapper.TbItemCatMapper.selectByExample]-[DEBUG] <==      Total: 9
2018-07-04 17:24:57,151 [http-bio-8081-exec-1] [org.mybatis.spring.SqlSessionUtils]-[DEBUG] Releasing transactional SqlSession [org.apache.ibatis.session.defaults.DefaultSqlSession@3acc57b]
2018-07-04 17:24:57,151 [http-bio-8081-exec-1] [org.mybatis.spring.SqlSessionUtils]-[DEBUG] Fetched SqlSession [org.apache.ibatis.session.defaults.DefaultSqlSession@3acc57b] from current transaction
2018-07-04 17:24:57,151 [http-bio-8081-exec-1] [com.hongyuli.mapper.TbItemCatMapper.selectByExample]-[DEBUG] ==>  Preparing: select id, parent_id, name, status, sort_order, is_parent, created, updated from tb_item_cat WHERE ( parent_id = ? ) 
2018-07-04 17:24:57,151 [http-bio-8081-exec-1] [com.hongyuli.mapper.TbItemCatMapper.selectByExample]-[DEBUG] ==> Parameters: 614(Long)
2018-07-04 17:24:57,159 [http-bio-8081-exec-1] [com.hongyuli.mapper.TbItemCatMapper.selectByExample]-[DEBUG] <==      Total: 10
2018-07-04 17:24:57,159 [http-bio-8081-exec-1] [org.mybatis.spring.SqlSessionUtils]-[DEBUG] Releasing transactional SqlSession [org.apache.ibatis.session.defaults.DefaultSqlSession@3acc57b]
2018-07-04 17:24:57,159 [http-bio-8081-exec-1] [org.mybatis.spring.SqlSessionUtils]-[DEBUG] Fetched SqlSession [org.apache.ibatis.session.defaults.DefaultSqlSession@3acc57b] from current transaction
2018-07-04 17:24:57,159 [http-bio-8081-exec-1] [com.hongyuli.mapper.TbItemCatMapper.selectByExample]-[DEBUG] ==>  Preparing: select id, parent_id, name, status, sort_order, is_parent, created, updated from tb_item_cat WHERE ( parent_id = ? ) 
2018-07-04 17:24:57,159 [http-bio-8081-exec-1] [com.hongyuli.mapper.TbItemCatMapper.selectByExample]-[DEBUG] ==> Parameters: 625(Long)
2018-07-04 17:24:57,167 [http-bio-8081-exec-1] [com.hongyuli.mapper.TbItemCatMapper.selectByExample]-[DEBUG] <==      Total: 7
2018-07-04 17:24:57,167 [http-bio-8081-exec-1] [org.mybatis.spring.SqlSessionUtils]-[DEBUG] Releasing transactional SqlSession [org.apache.ibatis.session.defaults.DefaultSqlSession@3acc57b]
2018-07-04 17:24:57,167 [http-bio-8081-exec-1] [org.mybatis.spring.SqlSessionUtils]-[DEBUG] Fetched SqlSession [org.apache.ibatis.session.defaults.DefaultSqlSession@3acc57b] from current transaction
2018-07-04 17:24:57,167 [http-bio-8081-exec-1] [com.hongyuli.mapper.TbItemCatMapper.selectByExample]-[DEBUG] ==>  Preparing: select id, parent_id, name, status, sort_order, is_parent, created, updated from tb_item_cat WHERE ( parent_id = ? ) 
2018-07-04 17:24:57,167 [http-bio-8081-exec-1] [com.hongyuli.mapper.TbItemCatMapper.selectByExample]-[DEBUG] ==> Parameters: 633(Long)
2018-07-04 17:24:57,175 [http-bio-8081-exec-1] [com.hongyuli.mapper.TbItemCatMapper.selectByExample]-[DEBUG] <==      Total: 6
2018-07-04 17:24:57,175 [http-bio-8081-exec-1] [org.mybatis.spring.SqlSessionUtils]-[DEBUG] Releasing transactional SqlSession [org.apache.ibatis.session.defaults.DefaultSqlSession@3acc57b]
2018-07-04 17:24:57,175 [http-bio-8081-exec-1] [org.mybatis.spring.SqlSessionUtils]-[DEBUG] Fetched SqlSession [org.apache.ibatis.session.defaults.DefaultSqlSession@3acc57b] from current transaction
2018-07-04 17:24:57,175 [http-bio-8081-exec-1] [com.hongyuli.mapper.TbItemCatMapper.selectByExample]-[DEBUG] ==>  Preparing: select id, parent_id, name, status, sort_order, is_parent, created, updated from tb_item_cat WHERE ( parent_id = ? ) 
2018-07-04 17:24:57,175 [http-bio-8081-exec-1] [com.hongyuli.mapper.TbItemCatMapper.selectByExample]-[DEBUG] ==> Parameters: 634(Long)
2018-07-04 17:24:57,183 [http-bio-8081-exec-1] [com.hongyuli.mapper.TbItemCatMapper.selectByExample]-[DEBUG] <==      Total: 13
2018-07-04 17:24:57,183 [http-bio-8081-exec-1] [org.mybatis.spring.SqlSessionUtils]-[DEBUG] Releasing transactional SqlSession [org.apache.ibatis.session.defaults.DefaultSqlSession@3acc57b]
2018-07-04 17:24:57,183 [http-bio-8081-exec-1] [org.mybatis.spring.SqlSessionUtils]-[DEBUG] Fetched SqlSession [org.apache.ibatis.session.defaults.DefaultSqlSession@3acc57b] from current transaction
2018-07-04 17:24:57,183 [http-bio-8081-exec-1] [com.hongyuli.mapper.TbItemCatMapper.selectByExample]-[DEBUG] ==>  Preparing: select id, parent_id, name, status, sort_order, is_parent, created, updated from tb_item_cat WHERE ( parent_id = ? ) 
2018-07-04 17:24:57,183 [http-bio-8081-exec-1] [com.hongyuli.mapper.TbItemCatMapper.selectByExample]-[DEBUG] ==> Parameters: 648(Long)
2018-07-04 17:24:57,191 [http-bio-8081-exec-1] [com.hongyuli.mapper.TbItemCatMapper.selectByExample]-[DEBUG] <==      Total: 11
2018-07-04 17:24:57,191 [http-bio-8081-exec-1] [org.mybatis.spring.SqlSessionUtils]-[DEBUG] Releasing transactional SqlSession [org.apache.ibatis.session.defaults.DefaultSqlSession@3acc57b]
2018-07-04 17:24:57,191 [http-bio-8081-exec-1] [org.mybatis.spring.SqlSessionUtils]-[DEBUG] Fetched SqlSession [org.apache.ibatis.session.defaults.DefaultSqlSession@3acc57b] from current transaction
2018-07-04 17:24:57,191 [http-bio-8081-exec-1] [com.hongyuli.mapper.TbItemCatMapper.selectByExample]-[DEBUG] ==>  Preparing: select id, parent_id, name, status, sort_order, is_parent, created, updated from tb_item_cat WHERE ( parent_id = ? ) 
2018-07-04 17:24:57,191 [http-bio-8081-exec-1] [com.hongyuli.mapper.TbItemCatMapper.selectByExample]-[DEBUG] ==> Parameters: 660(Long)
2018-07-04 17:24:57,199 [http-bio-8081-exec-1] [com.hongyuli.mapper.TbItemCatMapper.selectByExample]-[DEBUG] <==      Total: 6
2018-07-04 17:24:57,199 [http-bio-8081-exec-1] [org.mybatis.spring.SqlSessionUtils]-[DEBUG] Releasing transactional SqlSession [org.apache.ibatis.session.defaults.DefaultSqlSession@3acc57b]
2018-07-04 17:24:57,199 [http-bio-8081-exec-1] [org.mybatis.spring.SqlSessionUtils]-[DEBUG] Fetched SqlSession [org.apache.ibatis.session.defaults.DefaultSqlSession@3acc57b] from current transaction
2018-07-04 17:24:57,199 [http-bio-8081-exec-1] [com.hongyuli.mapper.TbItemCatMapper.selectByExample]-[DEBUG] ==>  Preparing: select id, parent_id, name, status, sort_order, is_parent, created, updated from tb_item_cat WHERE ( parent_id = ? ) 
2018-07-04 17:24:57,199 [http-bio-8081-exec-1] [com.hongyuli.mapper.TbItemCatMapper.selectByExample]-[DEBUG] ==> Parameters: 667(Long)
2018-07-04 17:24:57,207 [http-bio-8081-exec-1] [com.hongyuli.mapper.TbItemCatMapper.selectByExample]-[DEBUG] <==      Total: 15
2018-07-04 17:24:57,207 [http-bio-8081-exec-1] [org.mybatis.spring.SqlSessionUtils]-[DEBUG] Releasing transactional SqlSession [org.apache.ibatis.session.defaults.DefaultSqlSession@3acc57b]
2018-07-04 17:24:57,207 [http-bio-8081-exec-1] [org.mybatis.spring.SqlSessionUtils]-[DEBUG] Fetched SqlSession [org.apache.ibatis.session.defaults.DefaultSqlSession@3acc57b] from current transaction
2018-07-04 17:24:57,207 [http-bio-8081-exec-1] [com.hongyuli.mapper.TbItemCatMapper.selectByExample]-[DEBUG] ==>  Preparing: select id, parent_id, name, status, sort_order, is_parent, created, updated from tb_item_cat WHERE ( parent_id = ? ) 
2018-07-04 17:24:57,208 [http-bio-8081-exec-1] [com.hongyuli.mapper.TbItemCatMapper.selectByExample]-[DEBUG] ==> Parameters: 683(Long)
2018-07-04 17:24:57,215 [http-bio-8081-exec-1] [com.hongyuli.mapper.TbItemCatMapper.selectByExample]-[DEBUG] <==      Total: 7
2018-07-04 17:24:57,215 [http-bio-8081-exec-1] [org.mybatis.spring.SqlSessionUtils]-[DEBUG] Releasing transactional SqlSession [org.apache.ibatis.session.defaults.DefaultSqlSession@3acc57b]
2018-07-04 17:24:57,215 [http-bio-8081-exec-1] [org.mybatis.spring.SqlSessionUtils]-[DEBUG] Fetched SqlSession [org.apache.ibatis.session.defaults.DefaultSqlSession@3acc57b] from current transaction
2018-07-04 17:24:57,215 [http-bio-8081-exec-1] [com.hongyuli.mapper.TbItemCatMapper.selectByExample]-[DEBUG] ==>  Preparing: select id, parent_id, name, status, sort_order, is_parent, created, updated from tb_item_cat WHERE ( parent_id = ? ) 
2018-07-04 17:24:57,215 [http-bio-8081-exec-1] [com.hongyuli.mapper.TbItemCatMapper.selectByExample]-[DEBUG] ==> Parameters: 691(Long)
2018-07-04 17:24:57,223 [http-bio-8081-exec-1] [com.hongyuli.mapper.TbItemCatMapper.selectByExample]-[DEBUG] <==      Total: 7
2018-07-04 17:24:57,223 [http-bio-8081-exec-1] [org.mybatis.spring.SqlSessionUtils]-[DEBUG] Releasing transactional SqlSession [org.apache.ibatis.session.defaults.DefaultSqlSession@3acc57b]
2018-07-04 17:24:57,223 [http-bio-8081-exec-1] [org.mybatis.spring.SqlSessionUtils]-[DEBUG] Fetched SqlSession [org.apache.ibatis.session.defaults.DefaultSqlSession@3acc57b] from current transaction
2018-07-04 17:24:57,223 [http-bio-8081-exec-1] [com.hongyuli.mapper.TbItemCatMapper.selectByExample]-[DEBUG] ==>  Preparing: select id, parent_id, name, status, sort_order, is_parent, created, updated from tb_item_cat WHERE ( parent_id = ? ) 
2018-07-04 17:24:57,223 [http-bio-8081-exec-1] [com.hongyuli.mapper.TbItemCatMapper.selectByExample]-[DEBUG] ==> Parameters: 699(Long)
2018-07-04 17:24:57,231 [http-bio-8081-exec-1] [com.hongyuli.mapper.TbItemCatMapper.selectByExample]-[DEBUG] <==      Total: 6
2018-07-04 17:24:57,231 [http-bio-8081-exec-1] [org.mybatis.spring.SqlSessionUtils]-[DEBUG] Releasing transactional SqlSession [org.apache.ibatis.session.defaults.DefaultSqlSession@3acc57b]
2018-07-04 17:24:57,231 [http-bio-8081-exec-1] [org.mybatis.spring.SqlSessionUtils]-[DEBUG] Fetched SqlSession [org.apache.ibatis.session.defaults.DefaultSqlSession@3acc57b] from current transaction
2018-07-04 17:24:57,231 [http-bio-8081-exec-1] [com.hongyuli.mapper.TbItemCatMapper.selectByExample]-[DEBUG] ==>  Preparing: select id, parent_id, name, status, sort_order, is_parent, created, updated from tb_item_cat WHERE ( parent_id = ? ) 
2018-07-04 17:24:57,231 [http-bio-8081-exec-1] [com.hongyuli.mapper.TbItemCatMapper.selectByExample]-[DEBUG] ==> Parameters: 700(Long)
2018-07-04 17:24:57,239 [http-bio-8081-exec-1] [com.hongyuli.mapper.TbItemCatMapper.selectByExample]-[DEBUG] <==      Total: 10
2018-07-04 17:24:57,239 [http-bio-8081-exec-1] [org.mybatis.spring.SqlSessionUtils]-[DEBUG] Releasing transactional SqlSession [org.apache.ibatis.session.defaults.DefaultSqlSession@3acc57b]
2018-07-04 17:24:57,239 [http-bio-8081-exec-1] [org.mybatis.spring.SqlSessionUtils]-[DEBUG] Fetched SqlSession [org.apache.ibatis.session.defaults.DefaultSqlSession@3acc57b] from current transaction
2018-07-04 17:24:57,239 [http-bio-8081-exec-1] [com.hongyuli.mapper.TbItemCatMapper.selectByExample]-[DEBUG] ==>  Preparing: select id, parent_id, name, status, sort_order, is_parent, created, updated from tb_item_cat WHERE ( parent_id = ? ) 
2018-07-04 17:24:57,239 [http-bio-8081-exec-1] [com.hongyuli.mapper.TbItemCatMapper.selectByExample]-[DEBUG] ==> Parameters: 711(Long)
2018-07-04 17:24:57,248 [http-bio-8081-exec-1] [com.hongyuli.mapper.TbItemCatMapper.selectByExample]-[DEBUG] <==      Total: 6
2018-07-04 17:24:57,248 [http-bio-8081-exec-1] [org.mybatis.spring.SqlSessionUtils]-[DEBUG] Releasing transactional SqlSession [org.apache.ibatis.session.defaults.DefaultSqlSession@3acc57b]
2018-07-04 17:24:57,248 [http-bio-8081-exec-1] [org.mybatis.spring.SqlSessionUtils]-[DEBUG] Fetched SqlSession [org.apache.ibatis.session.defaults.DefaultSqlSession@3acc57b] from current transaction
2018-07-04 17:24:57,248 [http-bio-8081-exec-1] [com.hongyuli.mapper.TbItemCatMapper.selectByExample]-[DEBUG] ==>  Preparing: select id, parent_id, name, status, sort_order, is_parent, created, updated from tb_item_cat WHERE ( parent_id = ? ) 
2018-07-04 17:24:57,249 [http-bio-8081-exec-1] [com.hongyuli.mapper.TbItemCatMapper.selectByExample]-[DEBUG] ==> Parameters: 718(Long)
2018-07-04 17:24:57,257 [http-bio-8081-exec-1] [com.hongyuli.mapper.TbItemCatMapper.selectByExample]-[DEBUG] <==      Total: 5
2018-07-04 17:24:57,257 [http-bio-8081-exec-1] [org.mybatis.spring.SqlSessionUtils]-[DEBUG] Releasing transactional SqlSession [org.apache.ibatis.session.defaults.DefaultSqlSession@3acc57b]
2018-07-04 17:24:57,257 [http-bio-8081-exec-1] [org.mybatis.spring.SqlSessionUtils]-[DEBUG] Fetched SqlSession [org.apache.ibatis.session.defaults.DefaultSqlSession@3acc57b] from current transaction
2018-07-04 17:24:57,257 [http-bio-8081-exec-1] [com.hongyuli.mapper.TbItemCatMapper.selectByExample]-[DEBUG] ==>  Preparing: select id, parent_id, name, status, sort_order, is_parent, created, updated from tb_item_cat WHERE ( parent_id = ? ) 
2018-07-04 17:24:57,257 [http-bio-8081-exec-1] [com.hongyuli.mapper.TbItemCatMapper.selectByExample]-[DEBUG] ==> Parameters: 724(Long)
2018-07-04 17:24:57,266 [http-bio-8081-exec-1] [com.hongyuli.mapper.TbItemCatMapper.selectByExample]-[DEBUG] <==      Total: 8
2018-07-04 17:24:57,266 [http-bio-8081-exec-1] [org.mybatis.spring.SqlSessionUtils]-[DEBUG] Releasing transactional SqlSession [org.apache.ibatis.session.defaults.DefaultSqlSession@3acc57b]
2018-07-04 17:24:57,266 [http-bio-8081-exec-1] [org.mybatis.spring.SqlSessionUtils]-[DEBUG] Fetched SqlSession [org.apache.ibatis.session.defaults.DefaultSqlSession@3acc57b] from current transaction
2018-07-04 17:24:57,266 [http-bio-8081-exec-1] [com.hongyuli.mapper.TbItemCatMapper.selectByExample]-[DEBUG] ==>  Preparing: select id, parent_id, name, status, sort_order, is_parent, created, updated from tb_item_cat WHERE ( parent_id = ? ) 
2018-07-04 17:24:57,266 [http-bio-8081-exec-1] [com.hongyuli.mapper.TbItemCatMapper.selectByExample]-[DEBUG] ==> Parameters: 733(Long)
2018-07-04 17:24:57,275 [http-bio-8081-exec-1] [com.hongyuli.mapper.TbItemCatMapper.selectByExample]-[DEBUG] <==      Total: 5
2018-07-04 17:24:57,275 [http-bio-8081-exec-1] [org.mybatis.spring.SqlSessionUtils]-[DEBUG] Releasing transactional SqlSession [org.apache.ibatis.session.defaults.DefaultSqlSession@3acc57b]
2018-07-04 17:24:57,275 [http-bio-8081-exec-1] [org.mybatis.spring.SqlSessionUtils]-[DEBUG] Fetched SqlSession [org.apache.ibatis.session.defaults.DefaultSqlSession@3acc57b] from current transaction
2018-07-04 17:24:57,276 [http-bio-8081-exec-1] [com.hongyuli.mapper.TbItemCatMapper.selectByExample]-[DEBUG] ==>  Preparing: select id, parent_id, name, status, sort_order, is_parent, created, updated from tb_item_cat WHERE ( parent_id = ? ) 
2018-07-04 17:24:57,276 [http-bio-8081-exec-1] [com.hongyuli.mapper.TbItemCatMapper.selectByExample]-[DEBUG] ==> Parameters: 739(Long)
2018-07-04 17:24:57,283 [http-bio-8081-exec-1] [com.hongyuli.mapper.TbItemCatMapper.selectByExample]-[DEBUG] <==      Total: 9
2018-07-04 17:24:57,283 [http-bio-8081-exec-1] [org.mybatis.spring.SqlSessionUtils]-[DEBUG] Releasing transactional SqlSession [org.apache.ibatis.session.defaults.DefaultSqlSession@3acc57b]
2018-07-04 17:24:57,283 [http-bio-8081-exec-1] [org.mybatis.spring.SqlSessionUtils]-[DEBUG] Fetched SqlSession [org.apache.ibatis.session.defaults.DefaultSqlSession@3acc57b] from current transaction
2018-07-04 17:24:57,284 [http-bio-8081-exec-1] [com.hongyuli.mapper.TbItemCatMapper.selectByExample]-[DEBUG] ==>  Preparing: select id, parent_id, name, status, sort_order, is_parent, created, updated from tb_item_cat WHERE ( parent_id = ? ) 
2018-07-04 17:24:57,284 [http-bio-8081-exec-1] [com.hongyuli.mapper.TbItemCatMapper.selectByExample]-[DEBUG] ==> Parameters: 749(Long)
2018-07-04 17:24:57,295 [http-bio-8081-exec-1] [com.hongyuli.mapper.TbItemCatMapper.selectByExample]-[DEBUG] <==      Total: 4
2018-07-04 17:24:57,295 [http-bio-8081-exec-1] [org.mybatis.spring.SqlSessionUtils]-[DEBUG] Releasing transactional SqlSession [org.apache.ibatis.session.defaults.DefaultSqlSession@3acc57b]
2018-07-04 17:24:57,295 [http-bio-8081-exec-1] [org.mybatis.spring.SqlSessionUtils]-[DEBUG] Fetched SqlSession [org.apache.ibatis.session.defaults.DefaultSqlSession@3acc57b] from current transaction
2018-07-04 17:24:57,295 [http-bio-8081-exec-1] [com.hongyuli.mapper.TbItemCatMapper.selectByExample]-[DEBUG] ==>  Preparing: select id, parent_id, name, status, sort_order, is_parent, created, updated from tb_item_cat WHERE ( parent_id = ? ) 
2018-07-04 17:24:57,295 [http-bio-8081-exec-1] [com.hongyuli.mapper.TbItemCatMapper.selectByExample]-[DEBUG] ==> Parameters: 750(Long)
2018-07-04 17:24:57,304 [http-bio-8081-exec-1] [com.hongyuli.mapper.TbItemCatMapper.selectByExample]-[DEBUG] <==      Total: 33
2018-07-04 17:24:57,304 [http-bio-8081-exec-1] [org.mybatis.spring.SqlSessionUtils]-[DEBUG] Releasing transactional SqlSession [org.apache.ibatis.session.defaults.DefaultSqlSession@3acc57b]
2018-07-04 17:24:57,304 [http-bio-8081-exec-1] [org.mybatis.spring.SqlSessionUtils]-[DEBUG] Fetched SqlSession [org.apache.ibatis.session.defaults.DefaultSqlSession@3acc57b] from current transaction
2018-07-04 17:24:57,305 [http-bio-8081-exec-1] [com.hongyuli.mapper.TbItemCatMapper.selectByExample]-[DEBUG] ==>  Preparing: select id, parent_id, name, status, sort_order, is_parent, created, updated from tb_item_cat WHERE ( parent_id = ? ) 
2018-07-04 17:24:57,305 [http-bio-8081-exec-1] [com.hongyuli.mapper.TbItemCatMapper.selectByExample]-[DEBUG] ==> Parameters: 784(Long)
2018-07-04 17:24:57,313 [http-bio-8081-exec-1] [com.hongyuli.mapper.TbItemCatMapper.selectByExample]-[DEBUG] <==      Total: 28
2018-07-04 17:24:57,313 [http-bio-8081-exec-1] [org.mybatis.spring.SqlSessionUtils]-[DEBUG] Releasing transactional SqlSession [org.apache.ibatis.session.defaults.DefaultSqlSession@3acc57b]
2018-07-04 17:24:57,313 [http-bio-8081-exec-1] [org.mybatis.spring.SqlSessionUtils]-[DEBUG] Fetched SqlSession [org.apache.ibatis.session.defaults.DefaultSqlSession@3acc57b] from current transaction
2018-07-04 17:24:57,313 [http-bio-8081-exec-1] [com.hongyuli.mapper.TbItemCatMapper.selectByExample]-[DEBUG] ==>  Preparing: select id, parent_id, name, status, sort_order, is_parent, created, updated from tb_item_cat WHERE ( parent_id = ? ) 
2018-07-04 17:24:57,313 [http-bio-8081-exec-1] [com.hongyuli.mapper.TbItemCatMapper.selectByExample]-[DEBUG] ==> Parameters: 813(Long)
2018-07-04 17:24:57,321 [http-bio-8081-exec-1] [com.hongyuli.mapper.TbItemCatMapper.selectByExample]-[DEBUG] <==      Total: 22
2018-07-04 17:24:57,321 [http-bio-8081-exec-1] [org.mybatis.spring.SqlSessionUtils]-[DEBUG] Releasing transactional SqlSession [org.apache.ibatis.session.defaults.DefaultSqlSession@3acc57b]
2018-07-04 17:24:57,321 [http-bio-8081-exec-1] [org.mybatis.spring.SqlSessionUtils]-[DEBUG] Fetched SqlSession [org.apache.ibatis.session.defaults.DefaultSqlSession@3acc57b] from current transaction
2018-07-04 17:24:57,321 [http-bio-8081-exec-1] [com.hongyuli.mapper.TbItemCatMapper.selectByExample]-[DEBUG] ==>  Preparing: select id, parent_id, name, status, sort_order, is_parent, created, updated from tb_item_cat WHERE ( parent_id = ? ) 
2018-07-04 17:24:57,321 [http-bio-8081-exec-1] [com.hongyuli.mapper.TbItemCatMapper.selectByExample]-[DEBUG] ==> Parameters: 836(Long)
2018-07-04 17:24:57,329 [http-bio-8081-exec-1] [com.hongyuli.mapper.TbItemCatMapper.selectByExample]-[DEBUG] <==      Total: 28
2018-07-04 17:24:57,329 [http-bio-8081-exec-1] [org.mybatis.spring.SqlSessionUtils]-[DEBUG] Releasing transactional SqlSession [org.apache.ibatis.session.defaults.DefaultSqlSession@3acc57b]
2018-07-04 17:24:57,330 [http-bio-8081-exec-1] [org.mybatis.spring.SqlSessionUtils]-[DEBUG] Transaction synchronization deregistering SqlSession [org.apache.ibatis.session.defaults.DefaultSqlSession@3acc57b]
2018-07-04 17:24:57,330 [http-bio-8081-exec-1] [org.mybatis.spring.SqlSessionUtils]-[DEBUG] Transaction synchronization closing SqlSession [org.apache.ibatis.session.defaults.DefaultSqlSession@3acc57b]
2018-07-04 17:24:57,330 [http-bio-8081-exec-1] [org.springframework.jdbc.datasource.DataSourceUtils]-[DEBUG] Returning JDBC Connection to DataSource
2018-07-04 17:24:57,330 [http-bio-8081-exec-1] [org.springframework.web.servlet.mvc.method.annotation.ResponseBodyAdviceChain]-[DEBUG] Invoking ResponseBodyAdvice chain for body=org.springframework.http.converter.json.MappingJacksonValue@5214e9dc
2018-07-04 17:24:57,330 [http-bio-8081-exec-1] [org.springframework.web.servlet.mvc.method.annotation.ResponseBodyAdviceChain]-[DEBUG] After ResponseBodyAdvice chain body=org.springframework.http.converter.json.MappingJacksonValue@5214e9dc
2018-07-04 17:24:57,331 [http-bio-8081-exec-1] [org.springframework.web.servlet.mvc.method.annotation.RequestResponseBodyMethodProcessor]-[DEBUG] Written [org.springframework.http.converter.json.MappingJacksonValue@5214e9dc] as "application/json;charset=UTF-8" using [org.springframework.http.converter.json.MappingJackson2HttpMessageConverter@d3c08ce]
2018-07-04 17:24:57,331 [http-bio-8081-exec-1] [org.springframework.web.servlet.DispatcherServlet]-[DEBUG] Null ModelAndView returned to DispatcherServlet with name 'lhy-rest': assuming HandlerAdapter completed request handling
2018-07-04 17:24:57,331 [http-bio-8081-exec-1] [org.springframework.web.servlet.DispatcherServlet]-[DEBUG] Successfully completed request
2018-07-04 17:25:08,883 [http-bio-8081-exec-8] [org.springframework.web.servlet.DispatcherServlet]-[DEBUG] DispatcherServlet with name 'lhy-rest' processing GET request for [/rest/item/info/153055300707030]
2018-07-04 17:25:08,884 [http-bio-8081-exec-8] [org.springframework.web.servlet.mvc.method.annotation.RequestMappingHandlerMapping]-[DEBUG] Looking up handler method for path /item/info/153055300707030
2018-07-04 17:25:08,884 [http-bio-8081-exec-8] [org.springframework.web.servlet.mvc.method.annotation.RequestMappingHandlerMapping]-[DEBUG] Returning handler method [public com.hongyuli.common.pojo.TaotaoResult com.hongyuli.rest.controller.ItemController.getItemBaseInfo(java.lang.Long)]
2018-07-04 17:25:08,884 [http-bio-8081-exec-8] [org.springframework.beans.factory.support.DefaultListableBeanFactory]-[DEBUG] Returning cached instance of singleton bean 'itemController'
2018-07-04 17:25:08,884 [http-bio-8081-exec-8] [org.springframework.web.servlet.DispatcherServlet]-[DEBUG] Last-Modified value for [/rest/item/info/153055300707030] is: -1
2018-07-04 17:25:08,908 [http-bio-8081-exec-8] [org.springframework.web.servlet.mvc.method.annotation.ResponseBodyAdviceChain]-[DEBUG] Invoking ResponseBodyAdvice chain for body=com.hongyuli.common.pojo.TaotaoResult@33d38dfe
2018-07-04 17:25:08,908 [http-bio-8081-exec-8] [org.springframework.web.servlet.mvc.method.annotation.ResponseBodyAdviceChain]-[DEBUG] After ResponseBodyAdvice chain body=com.hongyuli.common.pojo.TaotaoResult@33d38dfe
2018-07-04 17:25:08,909 [http-bio-8081-exec-8] [org.springframework.web.servlet.mvc.method.annotation.RequestResponseBodyMethodProcessor]-[DEBUG] Written [com.hongyuli.common.pojo.TaotaoResult@33d38dfe] as "application/json;charset=UTF-8" using [org.springframework.http.converter.json.MappingJackson2HttpMessageConverter@d3c08ce]
2018-07-04 17:25:08,909 [http-bio-8081-exec-8] [org.springframework.web.servlet.DispatcherServlet]-[DEBUG] Null ModelAndView returned to DispatcherServlet with name 'lhy-rest': assuming HandlerAdapter completed request handling
2018-07-04 17:25:08,909 [http-bio-8081-exec-8] [org.springframework.web.servlet.DispatcherServlet]-[DEBUG] Successfully completed request
2018-07-04 17:25:10,046 [http-bio-8081-exec-2] [org.springframework.web.servlet.DispatcherServlet]-[DEBUG] DispatcherServlet with name 'lhy-rest' processing GET request for [/rest/item/desc/153055300707030]
2018-07-04 17:25:10,046 [http-bio-8081-exec-2] [org.springframework.web.servlet.mvc.method.annotation.RequestMappingHandlerMapping]-[DEBUG] Looking up handler method for path /item/desc/153055300707030
2018-07-04 17:25:10,046 [http-bio-8081-exec-2] [org.springframework.web.servlet.mvc.method.annotation.RequestMappingHandlerMapping]-[DEBUG] Returning handler method [public com.hongyuli.common.pojo.TaotaoResult com.hongyuli.rest.controller.ItemController.getItemDesc(java.lang.Long)]
2018-07-04 17:25:10,046 [http-bio-8081-exec-2] [org.springframework.beans.factory.support.DefaultListableBeanFactory]-[DEBUG] Returning cached instance of singleton bean 'itemController'
2018-07-04 17:25:10,046 [http-bio-8081-exec-2] [org.springframework.web.servlet.DispatcherServlet]-[DEBUG] Last-Modified value for [/rest/item/desc/153055300707030] is: -1
2018-07-04 17:25:10,061 [http-bio-8081-exec-2] [org.springframework.web.servlet.mvc.method.annotation.ResponseBodyAdviceChain]-[DEBUG] Invoking ResponseBodyAdvice chain for body=com.hongyuli.common.pojo.TaotaoResult@1a90109f
2018-07-04 17:25:10,061 [http-bio-8081-exec-2] [org.springframework.web.servlet.mvc.method.annotation.ResponseBodyAdviceChain]-[DEBUG] After ResponseBodyAdvice chain body=com.hongyuli.common.pojo.TaotaoResult@1a90109f
2018-07-04 17:25:10,062 [http-bio-8081-exec-2] [org.springframework.web.servlet.mvc.method.annotation.RequestResponseBodyMethodProcessor]-[DEBUG] Written [com.hongyuli.common.pojo.TaotaoResult@1a90109f] as "application/json;charset=UTF-8" using [org.springframework.http.converter.json.MappingJackson2HttpMessageConverter@d3c08ce]
2018-07-04 17:25:10,062 [http-bio-8081-exec-2] [org.springframework.web.servlet.DispatcherServlet]-[DEBUG] Null ModelAndView returned to DispatcherServlet with name 'lhy-rest': assuming HandlerAdapter completed request handling
2018-07-04 17:25:10,062 [http-bio-8081-exec-2] [org.springframework.web.servlet.DispatcherServlet]-[DEBUG] Successfully completed request
2018-07-04 17:25:12,326 [http-bio-8081-exec-5] [org.springframework.web.servlet.DispatcherServlet]-[DEBUG] DispatcherServlet with name 'lhy-rest' processing GET request for [/rest/item/info/153055300707030]
2018-07-04 17:25:12,326 [http-bio-8081-exec-5] [org.springframework.web.servlet.mvc.method.annotation.RequestMappingHandlerMapping]-[DEBUG] Looking up handler method for path /item/info/153055300707030
2018-07-04 17:25:12,326 [http-bio-8081-exec-5] [org.springframework.web.servlet.mvc.method.annotation.RequestMappingHandlerMapping]-[DEBUG] Returning handler method [public com.hongyuli.common.pojo.TaotaoResult com.hongyuli.rest.controller.ItemController.getItemBaseInfo(java.lang.Long)]
2018-07-04 17:25:12,326 [http-bio-8081-exec-5] [org.springframework.beans.factory.support.DefaultListableBeanFactory]-[DEBUG] Returning cached instance of singleton bean 'itemController'
2018-07-04 17:25:12,326 [http-bio-8081-exec-5] [org.springframework.web.servlet.DispatcherServlet]-[DEBUG] Last-Modified value for [/rest/item/info/153055300707030] is: -1
2018-07-04 17:25:12,346 [http-bio-8081-exec-5] [org.springframework.web.servlet.mvc.method.annotation.ResponseBodyAdviceChain]-[DEBUG] Invoking ResponseBodyAdvice chain for body=com.hongyuli.common.pojo.TaotaoResult@7f05021e
2018-07-04 17:25:12,346 [http-bio-8081-exec-5] [org.springframework.web.servlet.mvc.method.annotation.ResponseBodyAdviceChain]-[DEBUG] After ResponseBodyAdvice chain body=com.hongyuli.common.pojo.TaotaoResult@7f05021e
2018-07-04 17:25:12,346 [http-bio-8081-exec-5] [org.springframework.web.servlet.mvc.method.annotation.RequestResponseBodyMethodProcessor]-[DEBUG] Written [com.hongyuli.common.pojo.TaotaoResult@7f05021e] as "application/json;charset=UTF-8" using [org.springframework.http.converter.json.MappingJackson2HttpMessageConverter@d3c08ce]
2018-07-04 17:25:12,346 [http-bio-8081-exec-5] [org.springframework.web.servlet.DispatcherServlet]-[DEBUG] Null ModelAndView returned to DispatcherServlet with name 'lhy-rest': assuming HandlerAdapter completed request handling
2018-07-04 17:25:12,346 [http-bio-8081-exec-5] [org.springframework.web.servlet.DispatcherServlet]-[DEBUG] Successfully completed request
2018-07-04 17:37:40,259 [http-bio-8081-exec-3] [org.springframework.web.servlet.DispatcherServlet]-[DEBUG] DispatcherServlet with name 'lhy-rest' processing GET request for [/rest/content/list/89]
2018-07-04 17:37:40,259 [http-bio-8081-exec-3] [org.springframework.web.servlet.mvc.method.annotation.RequestMappingHandlerMapping]-[DEBUG] Looking up handler method for path /content/list/89
2018-07-04 17:37:40,260 [http-bio-8081-exec-3] [org.springframework.web.servlet.mvc.method.annotation.RequestMappingHandlerMapping]-[DEBUG] Returning handler method [public com.hongyuli.common.pojo.TaotaoResult com.hongyuli.rest.controller.ContentController.getContentList(java.lang.Long)]
2018-07-04 17:37:40,260 [http-bio-8081-exec-3] [org.springframework.beans.factory.support.DefaultListableBeanFactory]-[DEBUG] Returning cached instance of singleton bean 'contentController'
2018-07-04 17:37:40,260 [http-bio-8081-exec-3] [org.springframework.web.servlet.DispatcherServlet]-[DEBUG] Last-Modified value for [/rest/content/list/89] is: -1
2018-07-04 17:37:40,282 [http-bio-8081-exec-3] [org.springframework.web.servlet.mvc.method.annotation.ResponseBodyAdviceChain]-[DEBUG] Invoking ResponseBodyAdvice chain for body=com.hongyuli.common.pojo.TaotaoResult@5f831588
2018-07-04 17:37:40,282 [http-bio-8081-exec-3] [org.springframework.web.servlet.mvc.method.annotation.ResponseBodyAdviceChain]-[DEBUG] After ResponseBodyAdvice chain body=com.hongyuli.common.pojo.TaotaoResult@5f831588
2018-07-04 17:37:40,283 [http-bio-8081-exec-3] [org.springframework.web.servlet.mvc.method.annotation.RequestResponseBodyMethodProcessor]-[DEBUG] Written [com.hongyuli.common.pojo.TaotaoResult@5f831588] as "application/json;charset=UTF-8" using [org.springframework.http.converter.json.MappingJackson2HttpMessageConverter@d3c08ce]
2018-07-04 17:37:40,283 [http-bio-8081-exec-3] [org.springframework.web.servlet.DispatcherServlet]-[DEBUG] Null ModelAndView returned to DispatcherServlet with name 'lhy-rest': assuming HandlerAdapter completed request handling
2018-07-04 17:37:40,283 [http-bio-8081-exec-3] [org.springframework.web.servlet.DispatcherServlet]-[DEBUG] Successfully completed request
